{"C:\\Users\\xdev\\Desktop\\AI_APPS\\smart-office-assistant-new\\AuthContext.tsx": {"path":"C:\\Users\\xdev\\Desktop\\AI_APPS\\smart-office-assistant-new\\AuthContext.tsx","statementMap":{"0":{"start":{"line":48,"column":19},"end":{"line":75,"column":1}},"1":{"start":{"line":78,"column":46},"end":{"line":86,"column":1}},"2":{"start":{"line":81,"column":23},"end":{"line":81,"column":75}},"3":{"start":{"line":82,"column":25},"end":{"line":82,"column":69}},"4":{"start":{"line":83,"column":39},"end":{"line":83,"column":83}},"5":{"start":{"line":84,"column":39},"end":{"line":84,"column":83}},"6":{"start":{"line":85,"column":36},"end":{"line":85,"column":80}},"7":{"start":{"line":88,"column":27},"end":{"line":88,"column":79}},"8":{"start":{"line":91,"column":16},"end":{"line":126,"column":1}},"9":{"start":{"line":93,"column":4},"end":{"line":101,"column":5}},"10":{"start":{"line":94,"column":6},"end":{"line":98,"column":7}},"11":{"start":{"line":95,"column":8},"end":{"line":95,"column":41}},"12":{"start":{"line":97,"column":8},"end":{"line":97,"column":47}},"13":{"start":{"line":100,"column":6},"end":{"line":100,"column":49}},"14":{"start":{"line":104,"column":4},"end":{"line":113,"column":5}},"15":{"start":{"line":105,"column":6},"end":{"line":109,"column":7}},"16":{"start":{"line":106,"column":8},"end":{"line":106,"column":41}},"17":{"start":{"line":108,"column":8},"end":{"line":108,"column":47}},"18":{"start":{"line":111,"column":6},"end":{"line":111,"column":49}},"19":{"start":{"line":112,"column":6},"end":{"line":112,"column":18}},"20":{"start":{"line":116,"column":4},"end":{"line":124,"column":5}},"21":{"start":{"line":117,"column":6},"end":{"line":121,"column":7}},"22":{"start":{"line":118,"column":8},"end":{"line":118,"column":37}},"23":{"start":{"line":120,"column":8},"end":{"line":120,"column":43}},"24":{"start":{"line":123,"column":6},"end":{"line":123,"column":52}},"25":{"start":{"line":129,"column":45},"end":{"line":139,"column":1}},"26":{"start":{"line":141,"column":28},"end":{"line":397,"column":1}},"27":{"start":{"line":142,"column":26},"end":{"line":142,"column":66}},"28":{"start":{"line":143,"column":32},"end":{"line":143,"column":55}},"29":{"start":{"line":146,"column":32},"end":{"line":164,"column":3}},"30":{"start":{"line":147,"column":4},"end":{"line":147,"column":22}},"31":{"start":{"line":147,"column":15},"end":{"line":147,"column":22}},"32":{"start":{"line":149,"column":4},"end":{"line":163,"column":5}},"33":{"start":{"line":150,"column":26},"end":{"line":153,"column":7}},"34":{"start":{"line":155,"column":6},"end":{"line":155,"column":27}},"35":{"start":{"line":158,"column":6},"end":{"line":160,"column":7}},"36":{"start":{"line":159,"column":8},"end":{"line":159,"column":71}},"37":{"start":{"line":162,"column":6},"end":{"line":162,"column":61}},"38":{"start":{"line":167,"column":32},"end":{"line":188,"column":3}},"39":{"start":{"line":168,"column":4},"end":{"line":168,"column":22}},"40":{"start":{"line":168,"column":15},"end":{"line":168,"column":22}},"41":{"start":{"line":170,"column":4},"end":{"line":187,"column":5}},"42":{"start":{"line":171,"column":26},"end":{"line":177,"column":7}},"43":{"start":{"line":179,"column":6},"end":{"line":179,"column":27}},"44":{"start":{"line":182,"column":6},"end":{"line":184,"column":7}},"45":{"start":{"line":183,"column":8},"end":{"line":183,"column":71}},"46":{"start":{"line":186,"column":6},"end":{"line":186,"column":61}},"47":{"start":{"line":191,"column":29},"end":{"line":211,"column":3}},"48":{"start":{"line":192,"column":4},"end":{"line":192,"column":22}},"49":{"start":{"line":192,"column":15},"end":{"line":192,"column":22}},"50":{"start":{"line":194,"column":4},"end":{"line":210,"column":5}},"51":{"start":{"line":195,"column":6},"end":{"line":195,"column":62}},"52":{"start":{"line":196,"column":26},"end":{"line":199,"column":7}},"53":{"start":{"line":201,"column":6},"end":{"line":201,"column":27}},"54":{"start":{"line":204,"column":6},"end":{"line":207,"column":7}},"55":{"start":{"line":205,"column":8},"end":{"line":205,"column":71}},"56":{"start":{"line":206,"column":8},"end":{"line":206,"column":62}},"57":{"start":{"line":209,"column":6},"end":{"line":209,"column":57}},"58":{"start":{"line":214,"column":17},"end":{"line":281,"column":3}},"59":{"start":{"line":215,"column":4},"end":{"line":280,"column":5}},"60":{"start":{"line":216,"column":6},"end":{"line":216,"column":23}},"61":{"start":{"line":217,"column":6},"end":{"line":217,"column":56}},"62":{"start":{"line":219,"column":6},"end":{"line":221,"column":7}},"63":{"start":{"line":220,"column":8},"end":{"line":220,"column":71}},"64":{"start":{"line":224,"column":23},"end":{"line":224,"column":89}},"65":{"start":{"line":224,"column":44},"end":{"line":224,"column":88}},"66":{"start":{"line":226,"column":6},"end":{"line":246,"column":7}},"67":{"start":{"line":228,"column":28},"end":{"line":228,"column":77}},"68":{"start":{"line":230,"column":25},"end":{"line":237,"column":9}},"69":{"start":{"line":239,"column":8},"end":{"line":239,"column":26}},"70":{"start":{"line":242,"column":8},"end":{"line":242,"column":68}},"71":{"start":{"line":244,"column":8},"end":{"line":244,"column":101}},"72":{"start":{"line":245,"column":8},"end":{"line":245,"column":31}},"73":{"start":{"line":249,"column":30},"end":{"line":249,"column":89}},"74":{"start":{"line":251,"column":6},"end":{"line":254,"column":7}},"75":{"start":{"line":252,"column":8},"end":{"line":252,"column":55}},"76":{"start":{"line":253,"column":8},"end":{"line":253,"column":25}},"77":{"start":{"line":256,"column":6},"end":{"line":258,"column":7}},"78":{"start":{"line":257,"column":8},"end":{"line":257,"column":76}},"79":{"start":{"line":260,"column":23},"end":{"line":260,"column":32}},"80":{"start":{"line":262,"column":19},"end":{"line":262,"column":66}},"81":{"start":{"line":265,"column":26},"end":{"line":265,"column":75}},"82":{"start":{"line":267,"column":6},"end":{"line":272,"column":9}},"83":{"start":{"line":274,"column":6},"end":{"line":274,"column":29}},"84":{"start":{"line":276,"column":6},"end":{"line":276,"column":61}},"85":{"start":{"line":277,"column":6},"end":{"line":277,"column":95}},"86":{"start":{"line":279,"column":6},"end":{"line":279,"column":24}},"87":{"start":{"line":283,"column":18},"end":{"line":298,"column":3}},"88":{"start":{"line":284,"column":4},"end":{"line":297,"column":5}},"89":{"start":{"line":285,"column":6},"end":{"line":285,"column":23}},"90":{"start":{"line":286,"column":6},"end":{"line":286,"column":38}},"91":{"start":{"line":288,"column":6},"end":{"line":288,"column":43}},"92":{"start":{"line":290,"column":6},"end":{"line":290,"column":20}},"93":{"start":{"line":292,"column":6},"end":{"line":292,"column":36}},"94":{"start":{"line":294,"column":6},"end":{"line":294,"column":62}},"95":{"start":{"line":296,"column":6},"end":{"line":296,"column":24}},"96":{"start":{"line":301,"column":2},"end":{"line":382,"column":9}},"97":{"start":{"line":302,"column":25},"end":{"line":352,"column":5}},"98":{"start":{"line":303,"column":6},"end":{"line":351,"column":7}},"99":{"start":{"line":305,"column":31},"end":{"line":305,"column":64}},"100":{"start":{"line":306,"column":8},"end":{"line":321,"column":9}},"101":{"start":{"line":307,"column":10},"end":{"line":320,"column":11}},"102":{"start":{"line":308,"column":29},"end":{"line":308,"column":55}},"103":{"start":{"line":310,"column":12},"end":{"line":313,"column":13}},"104":{"start":{"line":311,"column":34},"end":{"line":311,"column":83}},"105":{"start":{"line":312,"column":14},"end":{"line":312,"column":64}},"106":{"start":{"line":314,"column":12},"end":{"line":314,"column":30}},"107":{"start":{"line":315,"column":12},"end":{"line":315,"column":30}},"108":{"start":{"line":316,"column":12},"end":{"line":316,"column":19}},"109":{"start":{"line":318,"column":12},"end":{"line":318,"column":64}},"110":{"start":{"line":319,"column":12},"end":{"line":319,"column":49}},"111":{"start":{"line":324,"column":32},"end":{"line":324,"column":64}},"112":{"start":{"line":326,"column":8},"end":{"line":330,"column":9}},"113":{"start":{"line":327,"column":10},"end":{"line":327,"column":67}},"114":{"start":{"line":328,"column":10},"end":{"line":328,"column":28}},"115":{"start":{"line":329,"column":10},"end":{"line":329,"column":17}},"116":{"start":{"line":332,"column":24},"end":{"line":332,"column":36}},"117":{"start":{"line":333,"column":8},"end":{"line":346,"column":9}},"118":{"start":{"line":334,"column":27},"end":{"line":334,"column":39}},"119":{"start":{"line":335,"column":23},"end":{"line":335,"column":70}},"120":{"start":{"line":338,"column":30},"end":{"line":338,"column":79}},"121":{"start":{"line":340,"column":10},"end":{"line":345,"column":13}},"122":{"start":{"line":348,"column":8},"end":{"line":348,"column":65}},"123":{"start":{"line":350,"column":8},"end":{"line":350,"column":26}},"124":{"start":{"line":354,"column":4},"end":{"line":354,"column":19}},"125":{"start":{"line":356,"column":31},"end":{"line":377,"column":6}},"126":{"start":{"line":357,"column":6},"end":{"line":376,"column":7}},"127":{"start":{"line":358,"column":25},"end":{"line":358,"column":37}},"128":{"start":{"line":359,"column":21},"end":{"line":359,"column":68}},"129":{"start":{"line":362,"column":28},"end":{"line":362,"column":77}},"130":{"start":{"line":364,"column":8},"end":{"line":369,"column":11}},"131":{"start":{"line":372,"column":31},"end":{"line":372,"column":64}},"132":{"start":{"line":373,"column":8},"end":{"line":375,"column":9}},"133":{"start":{"line":374,"column":10},"end":{"line":374,"column":24}},"134":{"start":{"line":379,"column":4},"end":{"line":381,"column":6}},"135":{"start":{"line":380,"column":6},"end":{"line":380,"column":42}},"136":{"start":{"line":384,"column":2},"end":{"line":396,"column":4}}},"fnMap":{"0":{"name":"(anonymous_0)","decl":{"start":{"line":81,"column":10},"end":{"line":81,"column":11}},"loc":{"start":{"line":81,"column":23},"end":{"line":81,"column":75}},"line":81},"1":{"name":"(anonymous_1)","decl":{"start":{"line":82,"column":11},"end":{"line":82,"column":12}},"loc":{"start":{"line":82,"column":23},"end":{"line":82,"column":71}},"line":82},"2":{"name":"(anonymous_2)","decl":{"start":{"line":83,"column":25},"end":{"line":83,"column":26}},"loc":{"start":{"line":83,"column":37},"end":{"line":83,"column":85}},"line":83},"3":{"name":"(anonymous_3)","decl":{"start":{"line":84,"column":25},"end":{"line":84,"column":26}},"loc":{"start":{"line":84,"column":37},"end":{"line":84,"column":85}},"line":84},"4":{"name":"(anonymous_4)","decl":{"start":{"line":85,"column":22},"end":{"line":85,"column":23}},"loc":{"start":{"line":85,"column":34},"end":{"line":85,"column":82}},"line":85},"5":{"name":"(anonymous_5)","decl":{"start":{"line":92,"column":11},"end":{"line":92,"column":12}},"loc":{"start":{"line":92,"column":64},"end":{"line":102,"column":3}},"line":92},"6":{"name":"(anonymous_6)","decl":{"start":{"line":103,"column":11},"end":{"line":103,"column":12}},"loc":{"start":{"line":103,"column":58},"end":{"line":114,"column":3}},"line":103},"7":{"name":"(anonymous_7)","decl":{"start":{"line":115,"column":14},"end":{"line":115,"column":15}},"loc":{"start":{"line":115,"column":52},"end":{"line":125,"column":3}},"line":115},"8":{"name":"(anonymous_8)","decl":{"start":{"line":141,"column":28},"end":{"line":141,"column":29}},"loc":{"start":{"line":141,"column":71},"end":{"line":397,"column":1}},"line":141},"9":{"name":"(anonymous_9)","decl":{"start":{"line":146,"column":32},"end":{"line":146,"column":33}},"loc":{"start":{"line":146,"column":68},"end":{"line":164,"column":3}},"line":146},"10":{"name":"(anonymous_10)","decl":{"start":{"line":167,"column":32},"end":{"line":167,"column":33}},"loc":{"start":{"line":167,"column":72},"end":{"line":188,"column":3}},"line":167},"11":{"name":"(anonymous_11)","decl":{"start":{"line":191,"column":29},"end":{"line":191,"column":30}},"loc":{"start":{"line":191,"column":41},"end":{"line":211,"column":3}},"line":191},"12":{"name":"(anonymous_12)","decl":{"start":{"line":214,"column":17},"end":{"line":214,"column":18}},"loc":{"start":{"line":214,"column":60},"end":{"line":281,"column":3}},"line":214},"13":{"name":"(anonymous_13)","decl":{"start":{"line":224,"column":39},"end":{"line":224,"column":40}},"loc":{"start":{"line":224,"column":44},"end":{"line":224,"column":88}},"line":224},"14":{"name":"(anonymous_14)","decl":{"start":{"line":283,"column":18},"end":{"line":283,"column":19}},"loc":{"start":{"line":283,"column":30},"end":{"line":298,"column":3}},"line":283},"15":{"name":"(anonymous_15)","decl":{"start":{"line":301,"column":12},"end":{"line":301,"column":13}},"loc":{"start":{"line":301,"column":18},"end":{"line":382,"column":3}},"line":301},"16":{"name":"(anonymous_16)","decl":{"start":{"line":302,"column":25},"end":{"line":302,"column":26}},"loc":{"start":{"line":302,"column":37},"end":{"line":352,"column":5}},"line":302},"17":{"name":"(anonymous_17)","decl":{"start":{"line":356,"column":63},"end":{"line":356,"column":64}},"loc":{"start":{"line":356,"column":90},"end":{"line":377,"column":5}},"line":356},"18":{"name":"(anonymous_18)","decl":{"start":{"line":379,"column":11},"end":{"line":379,"column":12}},"loc":{"start":{"line":379,"column":17},"end":{"line":381,"column":5}},"line":379}},"branchMap":{"0":{"loc":{"start":{"line":94,"column":6},"end":{"line":98,"column":7}},"type":"if","locations":[{"start":{"line":94,"column":6},"end":{"line":98,"column":7}},{"start":{"line":96,"column":13},"end":{"line":98,"column":7}}],"line":94},"1":{"loc":{"start":{"line":105,"column":6},"end":{"line":109,"column":7}},"type":"if","locations":[{"start":{"line":105,"column":6},"end":{"line":109,"column":7}},{"start":{"line":107,"column":13},"end":{"line":109,"column":7}}],"line":105},"2":{"loc":{"start":{"line":117,"column":6},"end":{"line":121,"column":7}},"type":"if","locations":[{"start":{"line":117,"column":6},"end":{"line":121,"column":7}},{"start":{"line":119,"column":13},"end":{"line":121,"column":7}}],"line":117},"3":{"loc":{"start":{"line":147,"column":4},"end":{"line":147,"column":22}},"type":"if","locations":[{"start":{"line":147,"column":4},"end":{"line":147,"column":22}},{"start":{},"end":{}}],"line":147},"4":{"loc":{"start":{"line":158,"column":6},"end":{"line":160,"column":7}},"type":"if","locations":[{"start":{"line":158,"column":6},"end":{"line":160,"column":7}},{"start":{},"end":{}}],"line":158},"5":{"loc":{"start":{"line":168,"column":4},"end":{"line":168,"column":22}},"type":"if","locations":[{"start":{"line":168,"column":4},"end":{"line":168,"column":22}},{"start":{},"end":{}}],"line":168},"6":{"loc":{"start":{"line":182,"column":6},"end":{"line":184,"column":7}},"type":"if","locations":[{"start":{"line":182,"column":6},"end":{"line":184,"column":7}},{"start":{},"end":{}}],"line":182},"7":{"loc":{"start":{"line":192,"column":4},"end":{"line":192,"column":22}},"type":"if","locations":[{"start":{"line":192,"column":4},"end":{"line":192,"column":22}},{"start":{},"end":{}}],"line":192},"8":{"loc":{"start":{"line":204,"column":6},"end":{"line":207,"column":7}},"type":"if","locations":[{"start":{"line":204,"column":6},"end":{"line":207,"column":7}},{"start":{},"end":{}}],"line":204},"9":{"loc":{"start":{"line":219,"column":6},"end":{"line":221,"column":7}},"type":"if","locations":[{"start":{"line":219,"column":6},"end":{"line":221,"column":7}},{"start":{},"end":{}}],"line":219},"10":{"loc":{"start":{"line":219,"column":10},"end":{"line":219,"column":29}},"type":"binary-expr","locations":[{"start":{"line":219,"column":10},"end":{"line":219,"column":16}},{"start":{"line":219,"column":20},"end":{"line":219,"column":29}}],"line":219},"11":{"loc":{"start":{"line":224,"column":44},"end":{"line":224,"column":88}},"type":"binary-expr","locations":[{"start":{"line":224,"column":44},"end":{"line":224,"column":61}},{"start":{"line":224,"column":65},"end":{"line":224,"column":88}}],"line":224},"12":{"loc":{"start":{"line":226,"column":6},"end":{"line":246,"column":7}},"type":"if","locations":[{"start":{"line":226,"column":6},"end":{"line":246,"column":7}},{"start":{},"end":{}}],"line":226},"13":{"loc":{"start":{"line":251,"column":6},"end":{"line":254,"column":7}},"type":"if","locations":[{"start":{"line":251,"column":6},"end":{"line":254,"column":7}},{"start":{},"end":{}}],"line":251},"14":{"loc":{"start":{"line":256,"column":6},"end":{"line":258,"column":7}},"type":"if","locations":[{"start":{"line":256,"column":6},"end":{"line":258,"column":7}},{"start":{},"end":{}}],"line":256},"15":{"loc":{"start":{"line":262,"column":19},"end":{"line":262,"column":66}},"type":"binary-expr","locations":[{"start":{"line":262,"column":19},"end":{"line":262,"column":56}},{"start":{"line":262,"column":60},"end":{"line":262,"column":66}}],"line":262},"16":{"loc":{"start":{"line":270,"column":15},"end":{"line":270,"column":35}},"type":"binary-expr","locations":[{"start":{"line":270,"column":15},"end":{"line":270,"column":29}},{"start":{"line":270,"column":33},"end":{"line":270,"column":35}}],"line":270},"17":{"loc":{"start":{"line":277,"column":22},"end":{"line":277,"column":92}},"type":"cond-expr","locations":[{"start":{"line":277,"column":45},"end":{"line":277,"column":48}},{"start":{"line":277,"column":51},"end":{"line":277,"column":92}}],"line":277},"18":{"loc":{"start":{"line":306,"column":8},"end":{"line":321,"column":9}},"type":"if","locations":[{"start":{"line":306,"column":8},"end":{"line":321,"column":9}},{"start":{},"end":{}}],"line":306},"19":{"loc":{"start":{"line":310,"column":12},"end":{"line":313,"column":13}},"type":"if","locations":[{"start":{"line":310,"column":12},"end":{"line":313,"column":13}},{"start":{},"end":{}}],"line":310},"20":{"loc":{"start":{"line":326,"column":8},"end":{"line":330,"column":9}},"type":"if","locations":[{"start":{"line":326,"column":8},"end":{"line":330,"column":9}},{"start":{},"end":{}}],"line":326},"21":{"loc":{"start":{"line":333,"column":8},"end":{"line":346,"column":9}},"type":"if","locations":[{"start":{"line":333,"column":8},"end":{"line":346,"column":9}},{"start":{},"end":{}}],"line":333},"22":{"loc":{"start":{"line":335,"column":23},"end":{"line":335,"column":70}},"type":"binary-expr","locations":[{"start":{"line":335,"column":23},"end":{"line":335,"column":60}},{"start":{"line":335,"column":64},"end":{"line":335,"column":70}}],"line":335},"23":{"loc":{"start":{"line":343,"column":19},"end":{"line":343,"column":39}},"type":"binary-expr","locations":[{"start":{"line":343,"column":19},"end":{"line":343,"column":33}},{"start":{"line":343,"column":37},"end":{"line":343,"column":39}}],"line":343},"24":{"loc":{"start":{"line":357,"column":6},"end":{"line":376,"column":7}},"type":"if","locations":[{"start":{"line":357,"column":6},"end":{"line":376,"column":7}},{"start":{"line":370,"column":13},"end":{"line":376,"column":7}}],"line":357},"25":{"loc":{"start":{"line":359,"column":21},"end":{"line":359,"column":68}},"type":"binary-expr","locations":[{"start":{"line":359,"column":21},"end":{"line":359,"column":58}},{"start":{"line":359,"column":62},"end":{"line":359,"column":68}}],"line":359},"26":{"loc":{"start":{"line":367,"column":17},"end":{"line":367,"column":37}},"type":"binary-expr","locations":[{"start":{"line":367,"column":17},"end":{"line":367,"column":31}},{"start":{"line":367,"column":35},"end":{"line":367,"column":37}}],"line":367},"27":{"loc":{"start":{"line":373,"column":8},"end":{"line":375,"column":9}},"type":"if","locations":[{"start":{"line":373,"column":8},"end":{"line":375,"column":9}},{"start":{},"end":{}}],"line":373}},"s":{"0":0,"1":0,"2":0,"3":0,"4":0,"5":0,"6":0,"7":0,"8":0,"9":0,"10":0,"11":0,"12":0,"13":0,"14":0,"15":0,"16":0,"17":0,"18":0,"19":0,"20":0,"21":0,"22":0,"23":0,"24":0,"25":0,"26":0,"27":0,"28":0,"29":0,"30":0,"31":0,"32":0,"33":0,"34":0,"35":0,"36":0,"37":0,"38":0,"39":0,"40":0,"41":0,"42":0,"43":0,"44":0,"45":0,"46":0,"47":0,"48":0,"49":0,"50":0,"51":0,"52":0,"53":0,"54":0,"55":0,"56":0,"57":0,"58":0,"59":0,"60":0,"61":0,"62":0,"63":0,"64":0,"65":0,"66":0,"67":0,"68":0,"69":0,"70":0,"71":0,"72":0,"73":0,"74":0,"75":0,"76":0,"77":0,"78":0,"79":0,"80":0,"81":0,"82":0,"83":0,"84":0,"85":0,"86":0,"87":0,"88":0,"89":0,"90":0,"91":0,"92":0,"93":0,"94":0,"95":0,"96":0,"97":0,"98":0,"99":0,"100":0,"101":0,"102":0,"103":0,"104":0,"105":0,"106":0,"107":0,"108":0,"109":0,"110":0,"111":0,"112":0,"113":0,"114":0,"115":0,"116":0,"117":0,"118":0,"119":0,"120":0,"121":0,"122":0,"123":0,"124":0,"125":0,"126":0,"127":0,"128":0,"129":0,"130":0,"131":0,"132":0,"133":0,"134":0,"135":0,"136":0},"f":{"0":0,"1":0,"2":0,"3":0,"4":0,"5":0,"6":0,"7":0,"8":0,"9":0,"10":0,"11":0,"12":0,"13":0,"14":0,"15":0,"16":0,"17":0,"18":0},"b":{"0":[0,0],"1":[0,0],"2":[0,0],"3":[0,0],"4":[0,0],"5":[0,0],"6":[0,0],"7":[0,0],"8":[0,0],"9":[0,0],"10":[0,0],"11":[0,0],"12":[0,0],"13":[0,0],"14":[0,0],"15":[0,0],"16":[0,0],"17":[0,0],"18":[0,0],"19":[0,0],"20":[0,0],"21":[0,0],"22":[0,0],"23":[0,0],"24":[0,0],"25":[0,0],"26":[0,0],"27":[0,0]}}
,"C:\\Users\\xdev\\Desktop\\AI_APPS\\smart-office-assistant-new\\lib\\supabase-api.ts": {"path":"C:\\Users\\xdev\\Desktop\\AI_APPS\\smart-office-assistant-new\\lib\\supabase-api.ts","statementMap":{"0":{"start":{"line":124,"column":23},"end":{"line":194,"column":1}},"1":{"start":{"line":126,"column":31},"end":{"line":126,"column":60}},"2":{"start":{"line":127,"column":4},"end":{"line":127,"column":27}},"3":{"start":{"line":127,"column":15},"end":{"line":127,"column":27}},"4":{"start":{"line":129,"column":28},"end":{"line":133,"column":15}},"5":{"start":{"line":135,"column":4},"end":{"line":135,"column":27}},"6":{"start":{"line":135,"column":15},"end":{"line":135,"column":27}},"7":{"start":{"line":136,"column":4},"end":{"line":136,"column":16}},"8":{"start":{"line":140,"column":28},"end":{"line":145,"column":15}},"9":{"start":{"line":147,"column":4},"end":{"line":147,"column":27}},"10":{"start":{"line":147,"column":15},"end":{"line":147,"column":27}},"11":{"start":{"line":148,"column":4},"end":{"line":148,"column":16}},"12":{"start":{"line":152,"column":28},"end":{"line":156,"column":15}},"13":{"start":{"line":158,"column":4},"end":{"line":158,"column":56}},"14":{"start":{"line":158,"column":44},"end":{"line":158,"column":56}},"15":{"start":{"line":159,"column":4},"end":{"line":159,"column":16}},"16":{"start":{"line":163,"column":28},"end":{"line":167,"column":15}},"17":{"start":{"line":169,"column":4},"end":{"line":169,"column":27}},"18":{"start":{"line":169,"column":15},"end":{"line":169,"column":27}},"19":{"start":{"line":170,"column":4},"end":{"line":170,"column":16}},"20":{"start":{"line":174,"column":28},"end":{"line":178,"column":15}},"21":{"start":{"line":180,"column":4},"end":{"line":180,"column":56}},"22":{"start":{"line":180,"column":44},"end":{"line":180,"column":56}},"23":{"start":{"line":181,"column":4},"end":{"line":181,"column":16}},"24":{"start":{"line":185,"column":28},"end":{"line":189,"column":15}},"25":{"start":{"line":191,"column":4},"end":{"line":191,"column":27}},"26":{"start":{"line":191,"column":15},"end":{"line":191,"column":27}},"27":{"start":{"line":192,"column":4},"end":{"line":192,"column":16}},"28":{"start":{"line":197,"column":23},"end":{"line":270,"column":1}},"29":{"start":{"line":199,"column":28},"end":{"line":203,"column":20}},"30":{"start":{"line":205,"column":4},"end":{"line":205,"column":27}},"31":{"start":{"line":205,"column":15},"end":{"line":205,"column":27}},"32":{"start":{"line":206,"column":4},"end":{"line":206,"column":16}},"33":{"start":{"line":210,"column":28},"end":{"line":214,"column":15}},"34":{"start":{"line":216,"column":4},"end":{"line":216,"column":56}},"35":{"start":{"line":216,"column":44},"end":{"line":216,"column":56}},"36":{"start":{"line":217,"column":4},"end":{"line":217,"column":16}},"37":{"start":{"line":221,"column":28},"end":{"line":225,"column":15}},"38":{"start":{"line":227,"column":4},"end":{"line":227,"column":27}},"39":{"start":{"line":227,"column":15},"end":{"line":227,"column":27}},"40":{"start":{"line":228,"column":4},"end":{"line":228,"column":16}},"41":{"start":{"line":232,"column":28},"end":{"line":240,"column":19}},"42":{"start":{"line":242,"column":4},"end":{"line":242,"column":27}},"43":{"start":{"line":242,"column":15},"end":{"line":242,"column":27}},"44":{"start":{"line":243,"column":4},"end":{"line":243,"column":16}},"45":{"start":{"line":247,"column":28},"end":{"line":252,"column":15}},"46":{"start":{"line":254,"column":4},"end":{"line":254,"column":27}},"47":{"start":{"line":254,"column":15},"end":{"line":254,"column":27}},"48":{"start":{"line":255,"column":4},"end":{"line":255,"column":16}},"49":{"start":{"line":259,"column":28},"end":{"line":265,"column":62}},"50":{"start":{"line":267,"column":4},"end":{"line":267,"column":27}},"51":{"start":{"line":267,"column":15},"end":{"line":267,"column":27}},"52":{"start":{"line":268,"column":4},"end":{"line":268,"column":29}},"53":{"start":{"line":273,"column":26},"end":{"line":333,"column":1}},"54":{"start":{"line":275,"column":28},"end":{"line":280,"column":27}},"55":{"start":{"line":282,"column":4},"end":{"line":282,"column":27}},"56":{"start":{"line":282,"column":15},"end":{"line":282,"column":27}},"57":{"start":{"line":283,"column":4},"end":{"line":283,"column":16}},"58":{"start":{"line":287,"column":28},"end":{"line":291,"column":15}},"59":{"start":{"line":293,"column":4},"end":{"line":293,"column":27}},"60":{"start":{"line":293,"column":15},"end":{"line":293,"column":27}},"61":{"start":{"line":294,"column":4},"end":{"line":294,"column":16}},"62":{"start":{"line":298,"column":28},"end":{"line":307,"column":15}},"63":{"start":{"line":309,"column":4},"end":{"line":309,"column":56}},"64":{"start":{"line":309,"column":44},"end":{"line":309,"column":56}},"65":{"start":{"line":310,"column":4},"end":{"line":310,"column":16}},"66":{"start":{"line":314,"column":28},"end":{"line":319,"column":15}},"67":{"start":{"line":321,"column":4},"end":{"line":321,"column":27}},"68":{"start":{"line":321,"column":15},"end":{"line":321,"column":27}},"69":{"start":{"line":322,"column":4},"end":{"line":322,"column":16}},"70":{"start":{"line":326,"column":28},"end":{"line":328,"column":18}},"71":{"start":{"line":330,"column":4},"end":{"line":330,"column":27}},"72":{"start":{"line":330,"column":15},"end":{"line":330,"column":27}},"73":{"start":{"line":331,"column":4},"end":{"line":331,"column":16}},"74":{"start":{"line":336,"column":29},"end":{"line":385,"column":1}},"75":{"start":{"line":338,"column":28},"end":{"line":342,"column":15}},"76":{"start":{"line":344,"column":4},"end":{"line":344,"column":27}},"77":{"start":{"line":344,"column":15},"end":{"line":344,"column":27}},"78":{"start":{"line":345,"column":4},"end":{"line":345,"column":16}},"79":{"start":{"line":349,"column":28},"end":{"line":354,"column":15}},"80":{"start":{"line":356,"column":4},"end":{"line":356,"column":27}},"81":{"start":{"line":356,"column":15},"end":{"line":356,"column":27}},"82":{"start":{"line":357,"column":4},"end":{"line":357,"column":16}},"83":{"start":{"line":361,"column":28},"end":{"line":366,"column":19}},"84":{"start":{"line":368,"column":4},"end":{"line":368,"column":27}},"85":{"start":{"line":368,"column":15},"end":{"line":368,"column":27}},"86":{"start":{"line":369,"column":4},"end":{"line":369,"column":16}},"87":{"start":{"line":373,"column":18},"end":{"line":373,"column":56}},"88":{"start":{"line":375,"column":28},"end":{"line":380,"column":15}},"89":{"start":{"line":382,"column":4},"end":{"line":382,"column":56}},"90":{"start":{"line":382,"column":44},"end":{"line":382,"column":56}},"91":{"start":{"line":383,"column":4},"end":{"line":383,"column":16}},"92":{"start":{"line":388,"column":23},"end":{"line":411,"column":1}},"93":{"start":{"line":390,"column":28},"end":{"line":394,"column":15}},"94":{"start":{"line":396,"column":4},"end":{"line":396,"column":27}},"95":{"start":{"line":396,"column":15},"end":{"line":396,"column":27}},"96":{"start":{"line":397,"column":4},"end":{"line":397,"column":16}},"97":{"start":{"line":401,"column":28},"end":{"line":406,"column":19}},"98":{"start":{"line":408,"column":4},"end":{"line":408,"column":27}},"99":{"start":{"line":408,"column":15},"end":{"line":408,"column":27}},"100":{"start":{"line":409,"column":4},"end":{"line":409,"column":16}},"101":{"start":{"line":414,"column":24},"end":{"line":462,"column":1}},"102":{"start":{"line":416,"column":28},"end":{"line":422,"column":48}},"103":{"start":{"line":424,"column":4},"end":{"line":424,"column":27}},"104":{"start":{"line":424,"column":15},"end":{"line":424,"column":27}},"105":{"start":{"line":425,"column":4},"end":{"line":425,"column":16}},"106":{"start":{"line":429,"column":23},"end":{"line":429,"column":69}},"107":{"start":{"line":431,"column":28},"end":{"line":435,"column":15}},"108":{"start":{"line":437,"column":4},"end":{"line":437,"column":56}},"109":{"start":{"line":437,"column":44},"end":{"line":437,"column":56}},"110":{"start":{"line":438,"column":4},"end":{"line":438,"column":16}},"111":{"start":{"line":442,"column":28},"end":{"line":445,"column":27}},"112":{"start":{"line":447,"column":4},"end":{"line":447,"column":27}},"113":{"start":{"line":447,"column":15},"end":{"line":447,"column":27}},"114":{"start":{"line":448,"column":4},"end":{"line":448,"column":16}},"115":{"start":{"line":452,"column":28},"end":{"line":457,"column":15}},"116":{"start":{"line":459,"column":4},"end":{"line":459,"column":27}},"117":{"start":{"line":459,"column":15},"end":{"line":459,"column":27}},"118":{"start":{"line":460,"column":4},"end":{"line":460,"column":16}}},"fnMap":{"0":{"name":"(anonymous_0)","decl":{"start":{"line":125,"column":2},"end":{"line":125,"column":3}},"loc":{"start":{"line":125,"column":47},"end":{"line":137,"column":3}},"line":125},"1":{"name":"(anonymous_1)","decl":{"start":{"line":139,"column":2},"end":{"line":139,"column":3}},"loc":{"start":{"line":139,"column":70},"end":{"line":149,"column":3}},"line":139},"2":{"name":"(anonymous_2)","decl":{"start":{"line":151,"column":2},"end":{"line":151,"column":3}},"loc":{"start":{"line":151,"column":76},"end":{"line":160,"column":3}},"line":151},"3":{"name":"(anonymous_3)","decl":{"start":{"line":162,"column":2},"end":{"line":162,"column":3}},"loc":{"start":{"line":162,"column":91},"end":{"line":171,"column":3}},"line":162},"4":{"name":"(anonymous_4)","decl":{"start":{"line":173,"column":2},"end":{"line":173,"column":3}},"loc":{"start":{"line":173,"column":76},"end":{"line":182,"column":3}},"line":173},"5":{"name":"(anonymous_5)","decl":{"start":{"line":184,"column":2},"end":{"line":184,"column":3}},"loc":{"start":{"line":184,"column":95},"end":{"line":193,"column":3}},"line":184},"6":{"name":"(anonymous_6)","decl":{"start":{"line":198,"column":2},"end":{"line":198,"column":3}},"loc":{"start":{"line":198,"column":39},"end":{"line":207,"column":3}},"line":198},"7":{"name":"(anonymous_7)","decl":{"start":{"line":209,"column":2},"end":{"line":209,"column":3}},"loc":{"start":{"line":209,"column":54},"end":{"line":218,"column":3}},"line":209},"8":{"name":"(anonymous_8)","decl":{"start":{"line":220,"column":2},"end":{"line":220,"column":3}},"loc":{"start":{"line":220,"column":108},"end":{"line":229,"column":3}},"line":220},"9":{"name":"(anonymous_9)","decl":{"start":{"line":231,"column":2},"end":{"line":231,"column":3}},"loc":{"start":{"line":231,"column":76},"end":{"line":244,"column":3}},"line":231},"10":{"name":"(anonymous_10)","decl":{"start":{"line":246,"column":2},"end":{"line":246,"column":3}},"loc":{"start":{"line":246,"column":63},"end":{"line":256,"column":3}},"line":246},"11":{"name":"(anonymous_11)","decl":{"start":{"line":258,"column":2},"end":{"line":258,"column":3}},"loc":{"start":{"line":258,"column":114},"end":{"line":269,"column":3}},"line":258},"12":{"name":"(anonymous_12)","decl":{"start":{"line":274,"column":2},"end":{"line":274,"column":3}},"loc":{"start":{"line":274,"column":53},"end":{"line":284,"column":3}},"line":274},"13":{"name":"(anonymous_13)","decl":{"start":{"line":286,"column":2},"end":{"line":286,"column":3}},"loc":{"start":{"line":286,"column":130},"end":{"line":295,"column":3}},"line":286},"14":{"name":"(anonymous_14)","decl":{"start":{"line":297,"column":2},"end":{"line":297,"column":3}},"loc":{"start":{"line":297,"column":93},"end":{"line":311,"column":3}},"line":297},"15":{"name":"(anonymous_15)","decl":{"start":{"line":313,"column":2},"end":{"line":313,"column":3}},"loc":{"start":{"line":313,"column":78},"end":{"line":323,"column":3}},"line":313},"16":{"name":"(anonymous_16)","decl":{"start":{"line":325,"column":2},"end":{"line":325,"column":3}},"loc":{"start":{"line":325,"column":59},"end":{"line":332,"column":3}},"line":325},"17":{"name":"(anonymous_17)","decl":{"start":{"line":337,"column":2},"end":{"line":337,"column":3}},"loc":{"start":{"line":337,"column":126},"end":{"line":346,"column":3}},"line":337},"18":{"name":"(anonymous_18)","decl":{"start":{"line":348,"column":2},"end":{"line":348,"column":3}},"loc":{"start":{"line":348,"column":106},"end":{"line":358,"column":3}},"line":348},"19":{"name":"(anonymous_19)","decl":{"start":{"line":360,"column":2},"end":{"line":360,"column":3}},"loc":{"start":{"line":360,"column":90},"end":{"line":370,"column":3}},"line":360},"20":{"name":"(anonymous_20)","decl":{"start":{"line":372,"column":2},"end":{"line":372,"column":3}},"loc":{"start":{"line":372,"column":77},"end":{"line":384,"column":3}},"line":372},"21":{"name":"(anonymous_21)","decl":{"start":{"line":389,"column":2},"end":{"line":389,"column":3}},"loc":{"start":{"line":389,"column":91},"end":{"line":398,"column":3}},"line":389},"22":{"name":"(anonymous_22)","decl":{"start":{"line":400,"column":2},"end":{"line":400,"column":3}},"loc":{"start":{"line":400,"column":79},"end":{"line":410,"column":3}},"line":400},"23":{"name":"(anonymous_23)","decl":{"start":{"line":415,"column":2},"end":{"line":415,"column":3}},"loc":{"start":{"line":415,"column":39},"end":{"line":426,"column":3}},"line":415},"24":{"name":"(anonymous_24)","decl":{"start":{"line":428,"column":2},"end":{"line":428,"column":3}},"loc":{"start":{"line":428,"column":63},"end":{"line":439,"column":3}},"line":428},"25":{"name":"(anonymous_25)","decl":{"start":{"line":441,"column":2},"end":{"line":441,"column":3}},"loc":{"start":{"line":441,"column":42},"end":{"line":449,"column":3}},"line":441},"26":{"name":"(anonymous_26)","decl":{"start":{"line":451,"column":2},"end":{"line":451,"column":3}},"loc":{"start":{"line":451,"column":70},"end":{"line":461,"column":3}},"line":451}},"branchMap":{"0":{"loc":{"start":{"line":127,"column":4},"end":{"line":127,"column":27}},"type":"if","locations":[{"start":{"line":127,"column":4},"end":{"line":127,"column":27}},{"start":{},"end":{}}],"line":127},"1":{"loc":{"start":{"line":135,"column":4},"end":{"line":135,"column":27}},"type":"if","locations":[{"start":{"line":135,"column":4},"end":{"line":135,"column":27}},{"start":{},"end":{}}],"line":135},"2":{"loc":{"start":{"line":147,"column":4},"end":{"line":147,"column":27}},"type":"if","locations":[{"start":{"line":147,"column":4},"end":{"line":147,"column":27}},{"start":{},"end":{}}],"line":147},"3":{"loc":{"start":{"line":158,"column":4},"end":{"line":158,"column":56}},"type":"if","locations":[{"start":{"line":158,"column":4},"end":{"line":158,"column":56}},{"start":{},"end":{}}],"line":158},"4":{"loc":{"start":{"line":158,"column":8},"end":{"line":158,"column":42}},"type":"binary-expr","locations":[{"start":{"line":158,"column":8},"end":{"line":158,"column":13}},{"start":{"line":158,"column":17},"end":{"line":158,"column":42}}],"line":158},"5":{"loc":{"start":{"line":169,"column":4},"end":{"line":169,"column":27}},"type":"if","locations":[{"start":{"line":169,"column":4},"end":{"line":169,"column":27}},{"start":{},"end":{}}],"line":169},"6":{"loc":{"start":{"line":180,"column":4},"end":{"line":180,"column":56}},"type":"if","locations":[{"start":{"line":180,"column":4},"end":{"line":180,"column":56}},{"start":{},"end":{}}],"line":180},"7":{"loc":{"start":{"line":180,"column":8},"end":{"line":180,"column":42}},"type":"binary-expr","locations":[{"start":{"line":180,"column":8},"end":{"line":180,"column":13}},{"start":{"line":180,"column":17},"end":{"line":180,"column":42}}],"line":180},"8":{"loc":{"start":{"line":191,"column":4},"end":{"line":191,"column":27}},"type":"if","locations":[{"start":{"line":191,"column":4},"end":{"line":191,"column":27}},{"start":{},"end":{}}],"line":191},"9":{"loc":{"start":{"line":205,"column":4},"end":{"line":205,"column":27}},"type":"if","locations":[{"start":{"line":205,"column":4},"end":{"line":205,"column":27}},{"start":{},"end":{}}],"line":205},"10":{"loc":{"start":{"line":216,"column":4},"end":{"line":216,"column":56}},"type":"if","locations":[{"start":{"line":216,"column":4},"end":{"line":216,"column":56}},{"start":{},"end":{}}],"line":216},"11":{"loc":{"start":{"line":216,"column":8},"end":{"line":216,"column":42}},"type":"binary-expr","locations":[{"start":{"line":216,"column":8},"end":{"line":216,"column":13}},{"start":{"line":216,"column":17},"end":{"line":216,"column":42}}],"line":216},"12":{"loc":{"start":{"line":227,"column":4},"end":{"line":227,"column":27}},"type":"if","locations":[{"start":{"line":227,"column":4},"end":{"line":227,"column":27}},{"start":{},"end":{}}],"line":227},"13":{"loc":{"start":{"line":231,"column":40},"end":{"line":231,"column":50}},"type":"default-arg","locations":[{"start":{"line":231,"column":48},"end":{"line":231,"column":50}}],"line":231},"14":{"loc":{"start":{"line":242,"column":4},"end":{"line":242,"column":27}},"type":"if","locations":[{"start":{"line":242,"column":4},"end":{"line":242,"column":27}},{"start":{},"end":{}}],"line":242},"15":{"loc":{"start":{"line":254,"column":4},"end":{"line":254,"column":27}},"type":"if","locations":[{"start":{"line":254,"column":4},"end":{"line":254,"column":27}},{"start":{},"end":{}}],"line":254},"16":{"loc":{"start":{"line":267,"column":4},"end":{"line":267,"column":27}},"type":"if","locations":[{"start":{"line":267,"column":4},"end":{"line":267,"column":27}},{"start":{},"end":{}}],"line":267},"17":{"loc":{"start":{"line":282,"column":4},"end":{"line":282,"column":27}},"type":"if","locations":[{"start":{"line":282,"column":4},"end":{"line":282,"column":27}},{"start":{},"end":{}}],"line":282},"18":{"loc":{"start":{"line":293,"column":4},"end":{"line":293,"column":27}},"type":"if","locations":[{"start":{"line":293,"column":4},"end":{"line":293,"column":27}},{"start":{},"end":{}}],"line":293},"19":{"loc":{"start":{"line":309,"column":4},"end":{"line":309,"column":56}},"type":"if","locations":[{"start":{"line":309,"column":4},"end":{"line":309,"column":56}},{"start":{},"end":{}}],"line":309},"20":{"loc":{"start":{"line":309,"column":8},"end":{"line":309,"column":42}},"type":"binary-expr","locations":[{"start":{"line":309,"column":8},"end":{"line":309,"column":13}},{"start":{"line":309,"column":17},"end":{"line":309,"column":42}}],"line":309},"21":{"loc":{"start":{"line":321,"column":4},"end":{"line":321,"column":27}},"type":"if","locations":[{"start":{"line":321,"column":4},"end":{"line":321,"column":27}},{"start":{},"end":{}}],"line":321},"22":{"loc":{"start":{"line":330,"column":4},"end":{"line":330,"column":27}},"type":"if","locations":[{"start":{"line":330,"column":4},"end":{"line":330,"column":27}},{"start":{},"end":{}}],"line":330},"23":{"loc":{"start":{"line":344,"column":4},"end":{"line":344,"column":27}},"type":"if","locations":[{"start":{"line":344,"column":4},"end":{"line":344,"column":27}},{"start":{},"end":{}}],"line":344},"24":{"loc":{"start":{"line":356,"column":4},"end":{"line":356,"column":27}},"type":"if","locations":[{"start":{"line":356,"column":4},"end":{"line":356,"column":27}},{"start":{},"end":{}}],"line":356},"25":{"loc":{"start":{"line":360,"column":49},"end":{"line":360,"column":59}},"type":"default-arg","locations":[{"start":{"line":360,"column":57},"end":{"line":360,"column":59}}],"line":360},"26":{"loc":{"start":{"line":368,"column":4},"end":{"line":368,"column":27}},"type":"if","locations":[{"start":{"line":368,"column":4},"end":{"line":368,"column":27}},{"start":{},"end":{}}],"line":368},"27":{"loc":{"start":{"line":382,"column":4},"end":{"line":382,"column":56}},"type":"if","locations":[{"start":{"line":382,"column":4},"end":{"line":382,"column":56}},{"start":{},"end":{}}],"line":382},"28":{"loc":{"start":{"line":382,"column":8},"end":{"line":382,"column":42}},"type":"binary-expr","locations":[{"start":{"line":382,"column":8},"end":{"line":382,"column":13}},{"start":{"line":382,"column":17},"end":{"line":382,"column":42}}],"line":382},"29":{"loc":{"start":{"line":396,"column":4},"end":{"line":396,"column":27}},"type":"if","locations":[{"start":{"line":396,"column":4},"end":{"line":396,"column":27}},{"start":{},"end":{}}],"line":396},"30":{"loc":{"start":{"line":400,"column":43},"end":{"line":400,"column":53}},"type":"default-arg","locations":[{"start":{"line":400,"column":51},"end":{"line":400,"column":53}}],"line":400},"31":{"loc":{"start":{"line":408,"column":4},"end":{"line":408,"column":27}},"type":"if","locations":[{"start":{"line":408,"column":4},"end":{"line":408,"column":27}},{"start":{},"end":{}}],"line":408},"32":{"loc":{"start":{"line":424,"column":4},"end":{"line":424,"column":27}},"type":"if","locations":[{"start":{"line":424,"column":4},"end":{"line":424,"column":27}},{"start":{},"end":{}}],"line":424},"33":{"loc":{"start":{"line":429,"column":23},"end":{"line":429,"column":69}},"type":"binary-expr","locations":[{"start":{"line":429,"column":23},"end":{"line":429,"column":27}},{"start":{"line":429,"column":31},"end":{"line":429,"column":69}}],"line":429},"34":{"loc":{"start":{"line":437,"column":4},"end":{"line":437,"column":56}},"type":"if","locations":[{"start":{"line":437,"column":4},"end":{"line":437,"column":56}},{"start":{},"end":{}}],"line":437},"35":{"loc":{"start":{"line":437,"column":8},"end":{"line":437,"column":42}},"type":"binary-expr","locations":[{"start":{"line":437,"column":8},"end":{"line":437,"column":13}},{"start":{"line":437,"column":17},"end":{"line":437,"column":42}}],"line":437},"36":{"loc":{"start":{"line":447,"column":4},"end":{"line":447,"column":27}},"type":"if","locations":[{"start":{"line":447,"column":4},"end":{"line":447,"column":27}},{"start":{},"end":{}}],"line":447},"37":{"loc":{"start":{"line":459,"column":4},"end":{"line":459,"column":27}},"type":"if","locations":[{"start":{"line":459,"column":4},"end":{"line":459,"column":27}},{"start":{},"end":{}}],"line":459}},"s":{"0":1,"1":3,"2":3,"3":2,"4":1,"5":1,"6":0,"7":1,"8":2,"9":2,"10":1,"11":1,"12":1,"13":1,"14":0,"15":1,"16":0,"17":0,"18":0,"19":0,"20":0,"21":0,"22":0,"23":0,"24":0,"25":0,"26":0,"27":0,"28":1,"29":2,"30":1,"31":0,"32":1,"33":0,"34":0,"35":0,"36":0,"37":1,"38":1,"39":0,"40":1,"41":0,"42":0,"43":0,"44":0,"45":0,"46":0,"47":0,"48":0,"49":1,"50":1,"51":0,"52":1,"53":1,"54":1,"55":1,"56":0,"57":1,"58":1,"59":1,"60":0,"61":1,"62":1,"63":1,"64":0,"65":1,"66":0,"67":0,"68":0,"69":0,"70":0,"71":0,"72":0,"73":0,"74":1,"75":1,"76":1,"77":0,"78":1,"79":1,"80":1,"81":0,"82":1,"83":1,"84":1,"85":0,"86":1,"87":1,"88":1,"89":1,"90":0,"91":1,"92":1,"93":0,"94":0,"95":0,"96":0,"97":0,"98":0,"99":0,"100":0,"101":1,"102":0,"103":0,"104":0,"105":0,"106":0,"107":0,"108":0,"109":0,"110":0,"111":0,"112":0,"113":0,"114":0,"115":0,"116":0,"117":0,"118":0},"f":{"0":3,"1":2,"2":1,"3":0,"4":0,"5":0,"6":2,"7":0,"8":1,"9":0,"10":0,"11":1,"12":1,"13":1,"14":1,"15":0,"16":0,"17":1,"18":1,"19":1,"20":1,"21":0,"22":0,"23":0,"24":0,"25":0,"26":0},"b":{"0":[2,1],"1":[0,1],"2":[1,1],"3":[0,1],"4":[1,0],"5":[0,0],"6":[0,0],"7":[0,0],"8":[0,0],"9":[0,1],"10":[0,0],"11":[0,0],"12":[0,1],"13":[0],"14":[0,0],"15":[0,0],"16":[0,1],"17":[0,1],"18":[0,1],"19":[0,1],"20":[1,0],"21":[0,0],"22":[0,0],"23":[0,1],"24":[0,1],"25":[1],"26":[0,1],"27":[0,1],"28":[1,0],"29":[0,0],"30":[0],"31":[0,0],"32":[0,0],"33":[0,0],"34":[0,0],"35":[0,0],"36":[0,0],"37":[0,0]},"_coverageSchema":"1a1c01bbd47fc00a2c39e90264f33305004495a9","hash":"7fdd857977ca1be4580f08badb43642ac2003fcb"}
,"C:\\Users\\xdev\\Desktop\\AI_APPS\\smart-office-assistant-new\\screens\\AdminDashboardScreen.tsx": {"path":"C:\\Users\\xdev\\Desktop\\AI_APPS\\smart-office-assistant-new\\screens\\AdminDashboardScreen.tsx","statementMap":{"0":{"start":{"line":15,"column":24},"end":{"line":34,"column":1}},"1":{"start":{"line":36,"column":22},"end":{"line":50,"column":1}},"2":{"start":{"line":52,"column":23},"end":{"line":61,"column":1}},"3":{"start":{"line":64,"column":23},"end":{"line":117,"column":1}},"4":{"start":{"line":66,"column":19},"end":{"line":68,"column":9}},"5":{"start":{"line":67,"column":4},"end":{"line":67,"column":37}},"6":{"start":{"line":70,"column":22},"end":{"line":70,"column":57}},"7":{"start":{"line":71,"column":21},"end":{"line":71,"column":85}},"8":{"start":{"line":72,"column":25},"end":{"line":72,"column":58}},"9":{"start":{"line":74,"column":2},"end":{"line":116,"column":4}},"10":{"start":{"line":97,"column":10},"end":{"line":112,"column":17}},"11":{"start":{"line":99,"column":14},"end":{"line":109,"column":16}},"12":{"start":{"line":120,"column":20},"end":{"line":129,"column":1}},"13":{"start":{"line":121,"column":2},"end":{"line":128,"column":9}},"14":{"start":{"line":123,"column":6},"end":{"line":126,"column":13}},"15":{"start":{"line":132,"column":17},"end":{"line":143,"column":1}},"16":{"start":{"line":133,"column":2},"end":{"line":142,"column":9}},"17":{"start":{"line":146,"column":21},"end":{"line":146,"column":36}},"18":{"start":{"line":147,"column":48},"end":{"line":147,"column":64}},"19":{"start":{"line":149,"column":2},"end":{"line":334,"column":4}},"20":{"start":{"line":152,"column":41},"end":{"line":152,"column":60}},"21":{"start":{"line":204,"column":27},"end":{"line":204,"column":52}},"22":{"start":{"line":218,"column":27},"end":{"line":218,"column":53}},"23":{"start":{"line":232,"column":27},"end":{"line":232,"column":54}},"24":{"start":{"line":337,"column":15},"end":{"line":568,"column":2}}},"fnMap":{"0":{"name":"(anonymous_0)","decl":{"start":{"line":64,"column":23},"end":{"line":64,"column":24}},"loc":{"start":{"line":64,"column":80},"end":{"line":117,"column":1}},"line":64},"1":{"name":"(anonymous_1)","decl":{"start":{"line":66,"column":52},"end":{"line":66,"column":53}},"loc":{"start":{"line":66,"column":70},"end":{"line":68,"column":3}},"line":66},"2":{"name":"(anonymous_2)","decl":{"start":{"line":96,"column":25},"end":{"line":96,"column":26}},"loc":{"start":{"line":97,"column":10},"end":{"line":112,"column":17}},"line":97},"3":{"name":"(anonymous_3)","decl":{"start":{"line":98,"column":31},"end":{"line":98,"column":32}},"loc":{"start":{"line":99,"column":14},"end":{"line":109,"column":16}},"line":99},"4":{"name":"(anonymous_4)","decl":{"start":{"line":120,"column":20},"end":{"line":120,"column":21}},"loc":{"start":{"line":121,"column":2},"end":{"line":128,"column":9}},"line":121},"5":{"name":"(anonymous_5)","decl":{"start":{"line":122,"column":18},"end":{"line":122,"column":19}},"loc":{"start":{"line":123,"column":6},"end":{"line":126,"column":13}},"line":123},"6":{"name":"(anonymous_6)","decl":{"start":{"line":132,"column":17},"end":{"line":132,"column":18}},"loc":{"start":{"line":133,"column":2},"end":{"line":142,"column":9}},"line":133},"7":{"name":"AdminDashboardScreen","decl":{"start":{"line":145,"column":24},"end":{"line":145,"column":44}},"loc":{"start":{"line":145,"column":47},"end":{"line":335,"column":1}},"line":145},"8":{"name":"(anonymous_8)","decl":{"start":{"line":152,"column":35},"end":{"line":152,"column":36}},"loc":{"start":{"line":152,"column":41},"end":{"line":152,"column":60}},"line":152},"9":{"name":"(anonymous_9)","decl":{"start":{"line":204,"column":21},"end":{"line":204,"column":22}},"loc":{"start":{"line":204,"column":27},"end":{"line":204,"column":52}},"line":204},"10":{"name":"(anonymous_10)","decl":{"start":{"line":218,"column":21},"end":{"line":218,"column":22}},"loc":{"start":{"line":218,"column":27},"end":{"line":218,"column":53}},"line":218},"11":{"name":"(anonymous_11)","decl":{"start":{"line":232,"column":21},"end":{"line":232,"column":22}},"loc":{"start":{"line":232,"column":27},"end":{"line":232,"column":54}},"line":232}},"branchMap":{"0":{"loc":{"start":{"line":64,"column":32},"end":{"line":64,"column":44}},"type":"default-arg","locations":[{"start":{"line":64,"column":41},"end":{"line":64,"column":44}}],"line":64},"1":{"loc":{"start":{"line":64,"column":46},"end":{"line":64,"column":59}},"type":"default-arg","locations":[{"start":{"line":64,"column":57},"end":{"line":64,"column":59}}],"line":64},"2":{"loc":{"start":{"line":64,"column":61},"end":{"line":64,"column":73}},"type":"default-arg","locations":[{"start":{"line":64,"column":71},"end":{"line":64,"column":73}}],"line":64},"3":{"loc":{"start":{"line":141,"column":5},"end":{"line":141,"column":68}},"type":"binary-expr","locations":[{"start":{"line":141,"column":5},"end":{"line":141,"column":13}},{"start":{"line":141,"column":17},"end":{"line":141,"column":68}}],"line":141},"4":{"loc":{"start":{"line":202,"column":14},"end":{"line":202,"column":71}},"type":"binary-expr","locations":[{"start":{"line":202,"column":14},"end":{"line":202,"column":39}},{"start":{"line":202,"column":43},"end":{"line":202,"column":71}}],"line":202},"5":{"loc":{"start":{"line":208,"column":14},"end":{"line":208,"column":69}},"type":"binary-expr","locations":[{"start":{"line":208,"column":14},"end":{"line":208,"column":39}},{"start":{"line":208,"column":43},"end":{"line":208,"column":69}}],"line":208},"6":{"loc":{"start":{"line":216,"column":14},"end":{"line":216,"column":72}},"type":"binary-expr","locations":[{"start":{"line":216,"column":14},"end":{"line":216,"column":40}},{"start":{"line":216,"column":44},"end":{"line":216,"column":72}}],"line":216},"7":{"loc":{"start":{"line":222,"column":14},"end":{"line":222,"column":70}},"type":"binary-expr","locations":[{"start":{"line":222,"column":14},"end":{"line":222,"column":40}},{"start":{"line":222,"column":44},"end":{"line":222,"column":70}}],"line":222},"8":{"loc":{"start":{"line":230,"column":14},"end":{"line":230,"column":73}},"type":"binary-expr","locations":[{"start":{"line":230,"column":14},"end":{"line":230,"column":41}},{"start":{"line":230,"column":45},"end":{"line":230,"column":73}}],"line":230},"9":{"loc":{"start":{"line":236,"column":14},"end":{"line":236,"column":71}},"type":"binary-expr","locations":[{"start":{"line":236,"column":14},"end":{"line":236,"column":41}},{"start":{"line":236,"column":45},"end":{"line":236,"column":71}}],"line":236}},"s":{"0":0,"1":0,"2":0,"3":0,"4":0,"5":0,"6":0,"7":0,"8":0,"9":0,"10":0,"11":0,"12":0,"13":0,"14":0,"15":0,"16":0,"17":0,"18":0,"19":0,"20":0,"21":0,"22":0,"23":0,"24":0},"f":{"0":0,"1":0,"2":0,"3":0,"4":0,"5":0,"6":0,"7":0,"8":0,"9":0,"10":0,"11":0},"b":{"0":[0],"1":[0],"2":[0],"3":[0,0],"4":[0,0],"5":[0,0],"6":[0,0],"7":[0,0],"8":[0,0],"9":[0,0]}}
,"C:\\Users\\xdev\\Desktop\\AI_APPS\\smart-office-assistant-new\\screens\\AttendanceScreen.tsx": {"path":"C:\\Users\\xdev\\Desktop\\AI_APPS\\smart-office-assistant-new\\screens\\AttendanceScreen.tsx","statementMap":{"0":{"start":{"line":18,"column":27},"end":{"line":60,"column":1}},"1":{"start":{"line":63,"column":21},"end":{"line":63,"column":36}},"2":{"start":{"line":66,"column":52},"end":{"line":66,"column":80}},"3":{"start":{"line":67,"column":40},"end":{"line":67,"column":58}},"4":{"start":{"line":68,"column":44},"end":{"line":68,"column":59}},"5":{"start":{"line":69,"column":54},"end":{"line":69,"column":69}},"6":{"start":{"line":70,"column":40},"end":{"line":70,"column":52}},"7":{"start":{"line":71,"column":46},"end":{"line":71,"column":61}},"8":{"start":{"line":72,"column":40},"end":{"line":72,"column":55}},"9":{"start":{"line":73,"column":40},"end":{"line":73,"column":54}},"10":{"start":{"line":74,"column":42},"end":{"line":74,"column":56}},"11":{"start":{"line":77,"column":21},"end":{"line":84,"column":3}},"12":{"start":{"line":78,"column":17},"end":{"line":78,"column":37}},"13":{"start":{"line":79,"column":4},"end":{"line":83,"column":7}},"14":{"start":{"line":87,"column":32},"end":{"line":101,"column":3}},"15":{"start":{"line":89,"column":4},"end":{"line":92,"column":5}},"16":{"start":{"line":90,"column":6},"end":{"line":90,"column":73}},"17":{"start":{"line":91,"column":6},"end":{"line":91,"column":13}},"18":{"start":{"line":94,"column":4},"end":{"line":94,"column":27}},"19":{"start":{"line":96,"column":4},"end":{"line":100,"column":5}},"20":{"start":{"line":97,"column":6},"end":{"line":97,"column":34}},"21":{"start":{"line":98,"column":11},"end":{"line":100,"column":5}},"22":{"start":{"line":99,"column":6},"end":{"line":99,"column":30}},"23":{"start":{"line":104,"column":24},"end":{"line":142,"column":3}},"24":{"start":{"line":105,"column":16},"end":{"line":105,"column":26}},"25":{"start":{"line":106,"column":26},"end":{"line":109,"column":6}},"26":{"start":{"line":111,"column":4},"end":{"line":131,"column":5}},"27":{"start":{"line":112,"column":6},"end":{"line":115,"column":7}},"28":{"start":{"line":113,"column":8},"end":{"line":113,"column":57}},"29":{"start":{"line":114,"column":8},"end":{"line":114,"column":15}},"30":{"start":{"line":118,"column":28},"end":{"line":126,"column":7}},"31":{"start":{"line":128,"column":6},"end":{"line":128,"column":66}},"32":{"start":{"line":129,"column":6},"end":{"line":129,"column":52}},"33":{"start":{"line":130,"column":6},"end":{"line":130,"column":13}},"34":{"start":{"line":133,"column":4},"end":{"line":136,"column":5}},"35":{"start":{"line":134,"column":6},"end":{"line":134,"column":55}},"36":{"start":{"line":135,"column":6},"end":{"line":135,"column":13}},"37":{"start":{"line":138,"column":4},"end":{"line":138,"column":34}},"38":{"start":{"line":139,"column":4},"end":{"line":139,"column":25}},"39":{"start":{"line":141,"column":4},"end":{"line":141,"column":52}},"40":{"start":{"line":145,"column":25},"end":{"line":171,"column":3}},"41":{"start":{"line":146,"column":16},"end":{"line":146,"column":26}},"42":{"start":{"line":147,"column":26},"end":{"line":150,"column":6}},"43":{"start":{"line":152,"column":4},"end":{"line":152,"column":35}},"44":{"start":{"line":153,"column":4},"end":{"line":153,"column":26}},"45":{"start":{"line":156,"column":26},"end":{"line":163,"column":5}},"46":{"start":{"line":165,"column":4},"end":{"line":165,"column":64}},"47":{"start":{"line":166,"column":4},"end":{"line":166,"column":53}},"48":{"start":{"line":169,"column":4},"end":{"line":169,"column":25}},"49":{"start":{"line":170,"column":4},"end":{"line":170,"column":26}},"50":{"start":{"line":174,"column":34},"end":{"line":185,"column":3}},"51":{"start":{"line":175,"column":4},"end":{"line":184,"column":5}},"52":{"start":{"line":177,"column":8},"end":{"line":177,"column":70}},"53":{"start":{"line":179,"column":8},"end":{"line":179,"column":66}},"54":{"start":{"line":181,"column":8},"end":{"line":181,"column":70}},"55":{"start":{"line":183,"column":8},"end":{"line":183,"column":20}},"56":{"start":{"line":188,"column":31},"end":{"line":201,"column":3}},"57":{"start":{"line":189,"column":4},"end":{"line":200,"column":5}},"58":{"start":{"line":191,"column":8},"end":{"line":191,"column":65}},"59":{"start":{"line":193,"column":8},"end":{"line":193,"column":65}},"60":{"start":{"line":195,"column":8},"end":{"line":195,"column":69}},"61":{"start":{"line":197,"column":8},"end":{"line":197,"column":66}},"62":{"start":{"line":199,"column":8},"end":{"line":199,"column":20}},"63":{"start":{"line":204,"column":31},"end":{"line":257,"column":3}},"64":{"start":{"line":205,"column":4},"end":{"line":256,"column":11}},"65":{"start":{"line":259,"column":2},"end":{"line":582,"column":4}},"66":{"start":{"line":262,"column":41},"end":{"line":262,"column":60}},"67":{"start":{"line":280,"column":29},"end":{"line":280,"column":60}},"68":{"start":{"line":301,"column":29},"end":{"line":301,"column":57}},"69":{"start":{"line":322,"column":29},"end":{"line":322,"column":59}},"70":{"start":{"line":342,"column":29},"end":{"line":342,"column":72}},"71":{"start":{"line":376,"column":29},"end":{"line":376,"column":52}},"72":{"start":{"line":421,"column":36},"end":{"line":421,"column":43}},"73":{"start":{"line":443,"column":47},"end":{"line":443,"column":75}},"74":{"start":{"line":454,"column":16},"end":{"line":454,"column":40}},"75":{"start":{"line":455,"column":16},"end":{"line":455,"column":45}},"76":{"start":{"line":477,"column":16},"end":{"line":477,"column":43}},"77":{"start":{"line":478,"column":16},"end":{"line":478,"column":45}},"78":{"start":{"line":500,"column":16},"end":{"line":500,"column":41}},"79":{"start":{"line":501,"column":16},"end":{"line":501,"column":45}},"80":{"start":{"line":523,"column":16},"end":{"line":523,"column":41}},"81":{"start":{"line":524,"column":16},"end":{"line":524,"column":45}},"82":{"start":{"line":553,"column":47},"end":{"line":553,"column":71}},"83":{"start":{"line":569,"column":16},"end":{"line":572,"column":17}},"84":{"start":{"line":570,"column":18},"end":{"line":570,"column":67}},"85":{"start":{"line":571,"column":18},"end":{"line":571,"column":25}},"86":{"start":{"line":573,"column":16},"end":{"line":573,"column":41}},"87":{"start":{"line":585,"column":15},"end":{"line":872,"column":2}}},"fnMap":{"0":{"name":"AttendanceScreen","decl":{"start":{"line":62,"column":24},"end":{"line":62,"column":40}},"loc":{"start":{"line":62,"column":43},"end":{"line":583,"column":1}},"line":62},"1":{"name":"(anonymous_1)","decl":{"start":{"line":77,"column":21},"end":{"line":77,"column":22}},"loc":{"start":{"line":77,"column":37},"end":{"line":84,"column":3}},"line":77},"2":{"name":"(anonymous_2)","decl":{"start":{"line":87,"column":32},"end":{"line":87,"column":33}},"loc":{"start":{"line":87,"column":44},"end":{"line":101,"column":3}},"line":87},"3":{"name":"(anonymous_3)","decl":{"start":{"line":104,"column":24},"end":{"line":104,"column":25}},"loc":{"start":{"line":104,"column":30},"end":{"line":142,"column":3}},"line":104},"4":{"name":"(anonymous_4)","decl":{"start":{"line":145,"column":25},"end":{"line":145,"column":26}},"loc":{"start":{"line":145,"column":31},"end":{"line":171,"column":3}},"line":145},"5":{"name":"(anonymous_5)","decl":{"start":{"line":174,"column":34},"end":{"line":174,"column":35}},"loc":{"start":{"line":174,"column":46},"end":{"line":185,"column":3}},"line":174},"6":{"name":"(anonymous_6)","decl":{"start":{"line":188,"column":31},"end":{"line":188,"column":32}},"loc":{"start":{"line":188,"column":41},"end":{"line":201,"column":3}},"line":188},"7":{"name":"(anonymous_7)","decl":{"start":{"line":204,"column":31},"end":{"line":204,"column":32}},"loc":{"start":{"line":205,"column":4},"end":{"line":256,"column":11}},"line":205},"8":{"name":"(anonymous_8)","decl":{"start":{"line":262,"column":35},"end":{"line":262,"column":36}},"loc":{"start":{"line":262,"column":41},"end":{"line":262,"column":60}},"line":262},"9":{"name":"(anonymous_9)","decl":{"start":{"line":280,"column":23},"end":{"line":280,"column":24}},"loc":{"start":{"line":280,"column":29},"end":{"line":280,"column":60}},"line":280},"10":{"name":"(anonymous_10)","decl":{"start":{"line":301,"column":23},"end":{"line":301,"column":24}},"loc":{"start":{"line":301,"column":29},"end":{"line":301,"column":57}},"line":301},"11":{"name":"(anonymous_11)","decl":{"start":{"line":322,"column":23},"end":{"line":322,"column":24}},"loc":{"start":{"line":322,"column":29},"end":{"line":322,"column":59}},"line":322},"12":{"name":"(anonymous_12)","decl":{"start":{"line":342,"column":23},"end":{"line":342,"column":24}},"loc":{"start":{"line":342,"column":29},"end":{"line":342,"column":72}},"line":342},"13":{"name":"(anonymous_13)","decl":{"start":{"line":376,"column":23},"end":{"line":376,"column":24}},"loc":{"start":{"line":376,"column":29},"end":{"line":376,"column":52}},"line":376},"14":{"name":"(anonymous_14)","decl":{"start":{"line":421,"column":28},"end":{"line":421,"column":29}},"loc":{"start":{"line":421,"column":36},"end":{"line":421,"column":43}},"line":421},"15":{"name":"(anonymous_15)","decl":{"start":{"line":443,"column":41},"end":{"line":443,"column":42}},"loc":{"start":{"line":443,"column":47},"end":{"line":443,"column":75}},"line":443},"16":{"name":"(anonymous_16)","decl":{"start":{"line":453,"column":23},"end":{"line":453,"column":24}},"loc":{"start":{"line":453,"column":29},"end":{"line":456,"column":15}},"line":453},"17":{"name":"(anonymous_17)","decl":{"start":{"line":476,"column":23},"end":{"line":476,"column":24}},"loc":{"start":{"line":476,"column":29},"end":{"line":479,"column":15}},"line":476},"18":{"name":"(anonymous_18)","decl":{"start":{"line":499,"column":23},"end":{"line":499,"column":24}},"loc":{"start":{"line":499,"column":29},"end":{"line":502,"column":15}},"line":499},"19":{"name":"(anonymous_19)","decl":{"start":{"line":522,"column":23},"end":{"line":522,"column":24}},"loc":{"start":{"line":522,"column":29},"end":{"line":525,"column":15}},"line":522},"20":{"name":"(anonymous_20)","decl":{"start":{"line":553,"column":41},"end":{"line":553,"column":42}},"loc":{"start":{"line":553,"column":47},"end":{"line":553,"column":71}},"line":553},"21":{"name":"(anonymous_21)","decl":{"start":{"line":568,"column":23},"end":{"line":568,"column":24}},"loc":{"start":{"line":568,"column":29},"end":{"line":574,"column":15}},"line":568}},"branchMap":{"0":{"loc":{"start":{"line":89,"column":4},"end":{"line":92,"column":5}},"type":"if","locations":[{"start":{"line":89,"column":4},"end":{"line":92,"column":5}},{"start":{},"end":{}}],"line":89},"1":{"loc":{"start":{"line":96,"column":4},"end":{"line":100,"column":5}},"type":"if","locations":[{"start":{"line":96,"column":4},"end":{"line":100,"column":5}},{"start":{"line":98,"column":11},"end":{"line":100,"column":5}}],"line":96},"2":{"loc":{"start":{"line":98,"column":11},"end":{"line":100,"column":5}},"type":"if","locations":[{"start":{"line":98,"column":11},"end":{"line":100,"column":5}},{"start":{},"end":{}}],"line":98},"3":{"loc":{"start":{"line":111,"column":4},"end":{"line":131,"column":5}},"type":"if","locations":[{"start":{"line":111,"column":4},"end":{"line":131,"column":5}},{"start":{},"end":{}}],"line":111},"4":{"loc":{"start":{"line":112,"column":6},"end":{"line":115,"column":7}},"type":"if","locations":[{"start":{"line":112,"column":6},"end":{"line":115,"column":7}},{"start":{},"end":{}}],"line":112},"5":{"loc":{"start":{"line":133,"column":4},"end":{"line":136,"column":5}},"type":"if","locations":[{"start":{"line":133,"column":4},"end":{"line":136,"column":5}},{"start":{},"end":{}}],"line":133},"6":{"loc":{"start":{"line":133,"column":8},"end":{"line":133,"column":50}},"type":"binary-expr","locations":[{"start":{"line":133,"column":8},"end":{"line":133,"column":32}},{"start":{"line":133,"column":36},"end":{"line":133,"column":50}}],"line":133},"7":{"loc":{"start":{"line":162,"column":21},"end":{"line":162,"column":68}},"type":"cond-expr","locations":[{"start":{"line":162,"column":48},"end":{"line":162,"column":61}},{"start":{"line":162,"column":64},"end":{"line":162,"column":68}}],"line":162},"8":{"loc":{"start":{"line":175,"column":4},"end":{"line":184,"column":5}},"type":"switch","locations":[{"start":{"line":176,"column":6},"end":{"line":177,"column":70}},{"start":{"line":178,"column":6},"end":{"line":179,"column":66}},{"start":{"line":180,"column":6},"end":{"line":181,"column":70}},{"start":{"line":182,"column":6},"end":{"line":183,"column":20}}],"line":175},"9":{"loc":{"start":{"line":189,"column":4},"end":{"line":200,"column":5}},"type":"switch","locations":[{"start":{"line":190,"column":6},"end":{"line":191,"column":65}},{"start":{"line":192,"column":6},"end":{"line":193,"column":65}},{"start":{"line":194,"column":6},"end":{"line":195,"column":69}},{"start":{"line":196,"column":6},"end":{"line":197,"column":66}},{"start":{"line":198,"column":6},"end":{"line":199,"column":20}}],"line":189},"10":{"loc":{"start":{"line":213,"column":13},"end":{"line":217,"column":28}},"type":"cond-expr","locations":[{"start":{"line":214,"column":16},"end":{"line":214,"column":27}},{"start":{"line":215,"column":16},"end":{"line":217,"column":28}}],"line":213},"11":{"loc":{"start":{"line":215,"column":16},"end":{"line":217,"column":28}},"type":"cond-expr","locations":[{"start":{"line":216,"column":18},"end":{"line":216,"column":34}},{"start":{"line":217,"column":18},"end":{"line":217,"column":28}}],"line":215},"12":{"loc":{"start":{"line":221,"column":9},"end":{"line":254,"column":9}},"type":"cond-expr","locations":[{"start":{"line":222,"column":10},"end":{"line":248,"column":13}},{"start":{"line":250,"column":10},"end":{"line":253,"column":17}}],"line":221},"13":{"loc":{"start":{"line":226,"column":48},"end":{"line":226,"column":71}},"type":"binary-expr","locations":[{"start":{"line":226,"column":48},"end":{"line":226,"column":64}},{"start":{"line":226,"column":68},"end":{"line":226,"column":71}}],"line":226},"14":{"loc":{"start":{"line":230,"column":48},"end":{"line":230,"column":72}},"type":"binary-expr","locations":[{"start":{"line":230,"column":48},"end":{"line":230,"column":65}},{"start":{"line":230,"column":69},"end":{"line":230,"column":72}}],"line":230},"15":{"loc":{"start":{"line":234,"column":13},"end":{"line":247,"column":13}},"type":"binary-expr","locations":[{"start":{"line":234,"column":13},"end":{"line":234,"column":37}},{"start":{"line":235,"column":14},"end":{"line":246,"column":21}}],"line":234},"16":{"loc":{"start":{"line":238,"column":19},"end":{"line":244,"column":35}},"type":"cond-expr","locations":[{"start":{"line":239,"column":22},"end":{"line":239,"column":27}},{"start":{"line":240,"column":22},"end":{"line":244,"column":35}}],"line":238},"17":{"loc":{"start":{"line":240,"column":22},"end":{"line":244,"column":35}},"type":"cond-expr","locations":[{"start":{"line":241,"column":24},"end":{"line":241,"column":42}},{"start":{"line":242,"column":24},"end":{"line":244,"column":35}}],"line":240},"18":{"loc":{"start":{"line":242,"column":24},"end":{"line":244,"column":35}},"type":"cond-expr","locations":[{"start":{"line":243,"column":26},"end":{"line":243,"column":35}},{"start":{"line":244,"column":26},"end":{"line":244,"column":35}}],"line":242},"19":{"loc":{"start":{"line":278,"column":16},"end":{"line":278,"column":71}},"type":"binary-expr","locations":[{"start":{"line":278,"column":16},"end":{"line":278,"column":40}},{"start":{"line":278,"column":44},"end":{"line":278,"column":71}}],"line":278},"20":{"loc":{"start":{"line":286,"column":23},"end":{"line":286,"column":69}},"type":"cond-expr","locations":[{"start":{"line":286,"column":50},"end":{"line":286,"column":57}},{"start":{"line":286,"column":60},"end":{"line":286,"column":69}}],"line":286},"21":{"loc":{"start":{"line":290,"column":16},"end":{"line":290,"column":69}},"type":"binary-expr","locations":[{"start":{"line":290,"column":16},"end":{"line":290,"column":40}},{"start":{"line":290,"column":44},"end":{"line":290,"column":69}}],"line":290},"22":{"loc":{"start":{"line":299,"column":16},"end":{"line":299,"column":68}},"type":"binary-expr","locations":[{"start":{"line":299,"column":16},"end":{"line":299,"column":37}},{"start":{"line":299,"column":41},"end":{"line":299,"column":68}}],"line":299},"23":{"loc":{"start":{"line":307,"column":23},"end":{"line":307,"column":66}},"type":"cond-expr","locations":[{"start":{"line":307,"column":47},"end":{"line":307,"column":54}},{"start":{"line":307,"column":57},"end":{"line":307,"column":66}}],"line":307},"24":{"loc":{"start":{"line":311,"column":16},"end":{"line":311,"column":66}},"type":"binary-expr","locations":[{"start":{"line":311,"column":16},"end":{"line":311,"column":37}},{"start":{"line":311,"column":41},"end":{"line":311,"column":66}}],"line":311},"25":{"loc":{"start":{"line":320,"column":16},"end":{"line":320,"column":70}},"type":"binary-expr","locations":[{"start":{"line":320,"column":16},"end":{"line":320,"column":39}},{"start":{"line":320,"column":43},"end":{"line":320,"column":70}}],"line":320},"26":{"loc":{"start":{"line":328,"column":23},"end":{"line":328,"column":68}},"type":"cond-expr","locations":[{"start":{"line":328,"column":49},"end":{"line":328,"column":56}},{"start":{"line":328,"column":59},"end":{"line":328,"column":68}}],"line":328},"27":{"loc":{"start":{"line":332,"column":16},"end":{"line":332,"column":68}},"type":"binary-expr","locations":[{"start":{"line":332,"column":16},"end":{"line":332,"column":39}},{"start":{"line":332,"column":43},"end":{"line":332,"column":68}}],"line":332},"28":{"loc":{"start":{"line":339,"column":11},"end":{"line":371,"column":11}},"type":"binary-expr","locations":[{"start":{"line":339,"column":11},"end":{"line":339,"column":35}},{"start":{"line":339,"column":39},"end":{"line":339,"column":52}},{"start":{"line":340,"column":12},"end":{"line":370,"column":31}}],"line":339},"29":{"loc":{"start":{"line":342,"column":29},"end":{"line":342,"column":72}},"type":"binary-expr","locations":[{"start":{"line":342,"column":29},"end":{"line":342,"column":41}},{"start":{"line":342,"column":45},"end":{"line":342,"column":72}}],"line":342},"30":{"loc":{"start":{"line":348,"column":20},"end":{"line":354,"column":34}},"type":"cond-expr","locations":[{"start":{"line":349,"column":24},"end":{"line":349,"column":29}},{"start":{"line":350,"column":24},"end":{"line":354,"column":34}}],"line":348},"31":{"loc":{"start":{"line":350,"column":24},"end":{"line":354,"column":34}},"type":"cond-expr","locations":[{"start":{"line":351,"column":26},"end":{"line":351,"column":31}},{"start":{"line":352,"column":26},"end":{"line":354,"column":34}}],"line":350},"32":{"loc":{"start":{"line":352,"column":26},"end":{"line":354,"column":34}},"type":"cond-expr","locations":[{"start":{"line":353,"column":28},"end":{"line":353,"column":37}},{"start":{"line":354,"column":28},"end":{"line":354,"column":34}}],"line":352},"33":{"loc":{"start":{"line":360,"column":19},"end":{"line":366,"column":35}},"type":"cond-expr","locations":[{"start":{"line":361,"column":22},"end":{"line":361,"column":27}},{"start":{"line":362,"column":22},"end":{"line":366,"column":35}}],"line":360},"34":{"loc":{"start":{"line":362,"column":22},"end":{"line":366,"column":35}},"type":"cond-expr","locations":[{"start":{"line":363,"column":24},"end":{"line":363,"column":42}},{"start":{"line":364,"column":24},"end":{"line":366,"column":35}}],"line":362},"35":{"loc":{"start":{"line":364,"column":24},"end":{"line":366,"column":35}},"type":"cond-expr","locations":[{"start":{"line":365,"column":26},"end":{"line":365,"column":35}},{"start":{"line":366,"column":26},"end":{"line":366,"column":35}}],"line":364},"36":{"loc":{"start":{"line":373,"column":11},"end":{"line":388,"column":11}},"type":"binary-expr","locations":[{"start":{"line":373,"column":11},"end":{"line":373,"column":34}},{"start":{"line":373,"column":38},"end":{"line":373,"column":49}},{"start":{"line":373,"column":53},"end":{"line":373,"column":65}},{"start":{"line":374,"column":12},"end":{"line":387,"column":31}}],"line":373},"37":{"loc":{"start":{"line":381,"column":19},"end":{"line":383,"column":33}},"type":"cond-expr","locations":[{"start":{"line":382,"column":22},"end":{"line":382,"column":58}},{"start":{"line":383,"column":22},"end":{"line":383,"column":33}}],"line":381},"38":{"loc":{"start":{"line":394,"column":14},"end":{"line":394,"column":72}},"type":"cond-expr","locations":[{"start":{"line":394,"column":28},"end":{"line":394,"column":49}},{"start":{"line":394,"column":52},"end":{"line":394,"column":72}}],"line":394},"39":{"loc":{"start":{"line":396,"column":21},"end":{"line":396,"column":65}},"type":"cond-expr","locations":[{"start":{"line":396,"column":35},"end":{"line":396,"column":49}},{"start":{"line":396,"column":52},"end":{"line":396,"column":65}}],"line":396},"40":{"loc":{"start":{"line":399,"column":15},"end":{"line":399,"column":53}},"type":"cond-expr","locations":[{"start":{"line":399,"column":29},"end":{"line":399,"column":40}},{"start":{"line":399,"column":43},"end":{"line":399,"column":53}}],"line":399},"41":{"loc":{"start":{"line":403,"column":11},"end":{"line":410,"column":11}},"type":"binary-expr","locations":[{"start":{"line":403,"column":11},"end":{"line":403,"column":22}},{"start":{"line":404,"column":12},"end":{"line":409,"column":19}}],"line":403},"42":{"loc":{"start":{"line":417,"column":11},"end":{"line":429,"column":11}},"type":"cond-expr","locations":[{"start":{"line":418,"column":12},"end":{"line":423,"column":14}},{"start":{"line":425,"column":12},"end":{"line":428,"column":19}}],"line":417},"43":{"loc":{"start":{"line":451,"column":16},"end":{"line":451,"column":69}},"type":"binary-expr","locations":[{"start":{"line":451,"column":16},"end":{"line":451,"column":39}},{"start":{"line":451,"column":43},"end":{"line":451,"column":69}}],"line":451},"44":{"loc":{"start":{"line":461,"column":23},"end":{"line":461,"column":70}},"type":"cond-expr","locations":[{"start":{"line":461,"column":49},"end":{"line":461,"column":58}},{"start":{"line":461,"column":61},"end":{"line":461,"column":70}}],"line":461},"45":{"loc":{"start":{"line":465,"column":16},"end":{"line":465,"column":73}},"type":"binary-expr","locations":[{"start":{"line":465,"column":16},"end":{"line":465,"column":39}},{"start":{"line":465,"column":43},"end":{"line":465,"column":73}}],"line":465},"46":{"loc":{"start":{"line":474,"column":16},"end":{"line":474,"column":72}},"type":"binary-expr","locations":[{"start":{"line":474,"column":16},"end":{"line":474,"column":42}},{"start":{"line":474,"column":46},"end":{"line":474,"column":72}}],"line":474},"47":{"loc":{"start":{"line":484,"column":23},"end":{"line":484,"column":73}},"type":"cond-expr","locations":[{"start":{"line":484,"column":52},"end":{"line":484,"column":61}},{"start":{"line":484,"column":64},"end":{"line":484,"column":73}}],"line":484},"48":{"loc":{"start":{"line":488,"column":16},"end":{"line":488,"column":76}},"type":"binary-expr","locations":[{"start":{"line":488,"column":16},"end":{"line":488,"column":42}},{"start":{"line":488,"column":46},"end":{"line":488,"column":76}}],"line":488},"49":{"loc":{"start":{"line":497,"column":16},"end":{"line":497,"column":70}},"type":"binary-expr","locations":[{"start":{"line":497,"column":16},"end":{"line":497,"column":40}},{"start":{"line":497,"column":44},"end":{"line":497,"column":70}}],"line":497},"50":{"loc":{"start":{"line":507,"column":23},"end":{"line":507,"column":71}},"type":"cond-expr","locations":[{"start":{"line":507,"column":50},"end":{"line":507,"column":59}},{"start":{"line":507,"column":62},"end":{"line":507,"column":71}}],"line":507},"51":{"loc":{"start":{"line":511,"column":16},"end":{"line":511,"column":74}},"type":"binary-expr","locations":[{"start":{"line":511,"column":16},"end":{"line":511,"column":40}},{"start":{"line":511,"column":44},"end":{"line":511,"column":74}}],"line":511},"52":{"loc":{"start":{"line":520,"column":16},"end":{"line":520,"column":70}},"type":"binary-expr","locations":[{"start":{"line":520,"column":16},"end":{"line":520,"column":40}},{"start":{"line":520,"column":44},"end":{"line":520,"column":70}}],"line":520},"53":{"loc":{"start":{"line":530,"column":23},"end":{"line":530,"column":71}},"type":"cond-expr","locations":[{"start":{"line":530,"column":50},"end":{"line":530,"column":59}},{"start":{"line":530,"column":62},"end":{"line":530,"column":71}}],"line":530},"54":{"loc":{"start":{"line":534,"column":16},"end":{"line":534,"column":74}},"type":"binary-expr","locations":[{"start":{"line":534,"column":16},"end":{"line":534,"column":40}},{"start":{"line":534,"column":44},"end":{"line":534,"column":74}}],"line":534},"55":{"loc":{"start":{"line":569,"column":16},"end":{"line":572,"column":17}},"type":"if","locations":[{"start":{"line":569,"column":16},"end":{"line":572,"column":17}},{"start":{},"end":{}}],"line":569}},"s":{"0":0,"1":0,"2":0,"3":0,"4":0,"5":0,"6":0,"7":0,"8":0,"9":0,"10":0,"11":0,"12":0,"13":0,"14":0,"15":0,"16":0,"17":0,"18":0,"19":0,"20":0,"21":0,"22":0,"23":0,"24":0,"25":0,"26":0,"27":0,"28":0,"29":0,"30":0,"31":0,"32":0,"33":0,"34":0,"35":0,"36":0,"37":0,"38":0,"39":0,"40":0,"41":0,"42":0,"43":0,"44":0,"45":0,"46":0,"47":0,"48":0,"49":0,"50":0,"51":0,"52":0,"53":0,"54":0,"55":0,"56":0,"57":0,"58":0,"59":0,"60":0,"61":0,"62":0,"63":0,"64":0,"65":0,"66":0,"67":0,"68":0,"69":0,"70":0,"71":0,"72":0,"73":0,"74":0,"75":0,"76":0,"77":0,"78":0,"79":0,"80":0,"81":0,"82":0,"83":0,"84":0,"85":0,"86":0,"87":0},"f":{"0":0,"1":0,"2":0,"3":0,"4":0,"5":0,"6":0,"7":0,"8":0,"9":0,"10":0,"11":0,"12":0,"13":0,"14":0,"15":0,"16":0,"17":0,"18":0,"19":0,"20":0,"21":0},"b":{"0":[0,0],"1":[0,0],"2":[0,0],"3":[0,0],"4":[0,0],"5":[0,0],"6":[0,0],"7":[0,0],"8":[0,0,0,0],"9":[0,0,0,0,0],"10":[0,0],"11":[0,0],"12":[0,0],"13":[0,0],"14":[0,0],"15":[0,0],"16":[0,0],"17":[0,0],"18":[0,0],"19":[0,0],"20":[0,0],"21":[0,0],"22":[0,0],"23":[0,0],"24":[0,0],"25":[0,0],"26":[0,0],"27":[0,0],"28":[0,0,0],"29":[0,0],"30":[0,0],"31":[0,0],"32":[0,0],"33":[0,0],"34":[0,0],"35":[0,0],"36":[0,0,0,0],"37":[0,0],"38":[0,0],"39":[0,0],"40":[0,0],"41":[0,0],"42":[0,0],"43":[0,0],"44":[0,0],"45":[0,0],"46":[0,0],"47":[0,0],"48":[0,0],"49":[0,0],"50":[0,0],"51":[0,0],"52":[0,0],"53":[0,0],"54":[0,0],"55":[0,0]}}
,"C:\\Users\\xdev\\Desktop\\AI_APPS\\smart-office-assistant-new\\screens\\BookRoomScreen.tsx": {"path":"C:\\Users\\xdev\\Desktop\\AI_APPS\\smart-office-assistant-new\\screens\\BookRoomScreen.tsx","statementMap":{"0":{"start":{"line":21,"column":19},"end":{"line":24,"column":1}},"1":{"start":{"line":27,"column":29},"end":{"line":33,"column":1}},"2":{"start":{"line":28,"column":27},"end":{"line":28,"column":42}},"3":{"start":{"line":29,"column":15},"end":{"line":29,"column":30}},"4":{"start":{"line":30,"column":15},"end":{"line":30,"column":39}},"5":{"start":{"line":31,"column":22},"end":{"line":31,"column":68}},"6":{"start":{"line":32,"column":2},"end":{"line":32,"column":45}},"7":{"start":{"line":36,"column":25},"end":{"line":41,"column":1}},"8":{"start":{"line":37,"column":27},"end":{"line":37,"column":47}},"9":{"start":{"line":38,"column":20},"end":{"line":38,"column":35}},"10":{"start":{"line":39,"column":18},"end":{"line":39,"column":38}},"11":{"start":{"line":40,"column":2},"end":{"line":40,"column":61}},"12":{"start":{"line":49,"column":21},"end":{"line":49,"column":36}},"13":{"start":{"line":50,"column":19},"end":{"line":50,"column":42}},"14":{"start":{"line":53,"column":42},"end":{"line":53,"column":62}},"15":{"start":{"line":54,"column":42},"end":{"line":54,"column":85}},"16":{"start":{"line":55,"column":50},"end":{"line":55,"column":79}},"17":{"start":{"line":56,"column":34},"end":{"line":56,"column":45}},"18":{"start":{"line":57,"column":32},"end":{"line":57,"column":44}},"19":{"start":{"line":58,"column":28},"end":{"line":58,"column":64}},"20":{"start":{"line":59,"column":44},"end":{"line":59,"column":80}},"21":{"start":{"line":60,"column":42},"end":{"line":60,"column":57}},"22":{"start":{"line":61,"column":46},"end":{"line":61,"column":57}},"23":{"start":{"line":62,"column":40},"end":{"line":62,"column":55}},"24":{"start":{"line":63,"column":34},"end":{"line":63,"column":49}},"25":{"start":{"line":64,"column":32},"end":{"line":64,"column":46}},"26":{"start":{"line":65,"column":46},"end":{"line":65,"column":61}},"27":{"start":{"line":66,"column":56},"end":{"line":66,"column":71}},"28":{"start":{"line":69,"column":20},"end":{"line":81,"column":3}},"29":{"start":{"line":70,"column":4},"end":{"line":80,"column":5}},"30":{"start":{"line":71,"column":6},"end":{"line":71,"column":23}},"31":{"start":{"line":72,"column":24},"end":{"line":72,"column":51}},"32":{"start":{"line":73,"column":6},"end":{"line":73,"column":26}},"33":{"start":{"line":74,"column":6},"end":{"line":74,"column":34}},"34":{"start":{"line":76,"column":6},"end":{"line":76,"column":51}},"35":{"start":{"line":77,"column":6},"end":{"line":77,"col
[...]
4,"column":46}},"line":224},"17":{"name":"(anonymous_17)","decl":{"start":{"line":241,"column":21},"end":{"line":241,"column":22}},"loc":{"start":{"line":241,"column":27},"end":{"line":241,"column":47}},"line":241},"18":{"name":"(anonymous_18)","decl":{"start":{"line":278,"column":26},"end":{"line":278,"column":27}},"loc":{"start":{"line":278,"column":34},"end":{"line":278,"column":41}},"line":278}},"branchMap":{"0":{"loc":{"start":{"line":71,"column":4},"end":{"line":73,"column":5}},"type":"if","locations":[{"start":{"line":71,"column":4},"end":{"line":73,"column":5}},{"start":{},"end":{}}],"line":71},"1":{"loc":{"start":{"line":71,"column":8},"end":{"line":71,"column":59}},"type":"binary-expr","locations":[{"start":{"line":71,"column":8},"end":{"line":71,"column":24}},{"start":{"line":71,"column":28},"end":{"line":71,"column":59}}],"line":71},"2":{"loc":{"start":{"line":74,"column":4},"end":{"line":76,"column":5}},"type":"if","locations":[{"start":{"line":74,"column":4},"end":{"line":76,"column":5}},{"start":{},"end":{}}],"line":74},"3":{"loc":{"start":{"line":74,"column":8},"end":{"line":74,"column":51}},"type":"binary-expr","locations":[{"start":{"line":74,"column":8},"end":{"line":74,"column":20}},{"start":{"line":74,"column":24},"end":{"line":74,"column":51}}],"line":74},"4":{"loc":{"start":{"line":77,"column":11},"end":{"line":77,"column":50}},"type":"cond-expr","locations":[{"start":{"line":77,"column":29},"end":{"line":77,"column":38}},{"start":{"line":77,"column":41},"end":{"line":77,"column":50}}],"line":77},"5":{"loc":{"start":{"line":82,"column":4},"end":{"line":85,"column":5}},"type":"if","locations":[{"start":{"line":82,"column":4},"end":{"line":85,"column":5}},{"start":{},"end":{}}],"line":82},"6":{"loc":{"start":{"line":82,"column":8},"end":{"line":82,"column":81}},"type":"binary-expr","locations":[{"start":{"line":82,"column":8},"end":{"line":82,"column":23}},{"start":{"line":82,"column":28},"end":{"line":82,"column":45}},{"start":{"line":82,"column":49},"end":{"line":82,"column":80}}],"line":82},"7":{"loc":{"start":{"line":87,"column":4},"end":{"line":90,"column":5}},"type":"if","locations":[{"start":{"line":87,"column":4},"end":{"line":90,"column":5}},{"start":{},"end":{}}],"line":87},"8":{"loc":{"start":{"line":87,"column":8},"end":{"line":87,"column":59}},"type":"binary-expr","locations":[{"start":{"line":87,"column":8},"end":{"line":87,"column":24}},{"start":{"line":87,"column":28},"end":{"line":87,"column":59}}],"line":87},"9":{"loc":{"start":{"line":97,"column":4},"end":{"line":100,"column":5}},"type":"if","locations":[{"start":{"line":97,"column":4},"end":{"line":100,"column":5}},{"start":{},"end":{}}],"line":97},"10":{"loc":{"start":{"line":113,"column":6},"end":{"line":119,"column":7}},"type":"if","locations":[{"start":{"line":113,"column":6},"end":{"line":119,"column":7}},{"start":{},"end":{}}],"line":113},"11":{"loc":{"start":{"line":136,"column":4},"end":{"line":136,"column":34}},"type":"if","locations":[{"start":{"line":136,"column":4},"end":{"line":136,"column":34}},{"start":{},"end":{}}],"line":136},"12":{"loc":{"start":{"line":147,"column":6},"end":{"line":153,"column":7}},"type":"if","locations":[{"start":{"line":147,"column":6},"end":{"line":153,"column":7}},{"start":{},"end":{}}],"line":147},"13":{"loc":{"start":{"line":180,"column":16},"end":{"line":180,"column":89}},"type":"binary-expr","locations":[{"start":{"line":180,"column":16},"end":{"line":180,"column":31}},{"start":{"line":180,"column":36},"end":{"line":180,"column":53}},{"start":{"line":180,"column":57},"end":{"line":180,"column":88}}],"line":180},"14":{"loc":{"start":{"line":183,"column":7},"end":{"line":187,"column":7}},"type":"binary-expr","locations":[{"start":{"line":183,"column":7},"end":{"line":183,"column":23}},{"start":{"line":183,"column":27},"end":{"line":183,"column":58}},{"start":{"line":184,"column":8},"end":{"line":186,"column":15}}],"line":183},"15":{"loc":{"start":{"line":203,"column":9},"end":{"line":218,"column":9}},"type":"binary-expr","locations":[{"start":{"line":203,"column":9},"end":{"line":203,"column":25}},{"start":{"line":204,"column":10},"end":{"line":217,"column":17}}],"line":203},"16":{"loc":{"start":{"line":223,"column":32},"end":{"line":223,"column":71}},"type":"binary-expr","locations":[{"start":{"line":223,"column":32},"end":{"line":223,"column":51}},{"start":{"line":223,"column":55},"end":{"line":223,"column":71}}],"line":223},"17":{"loc":{"start":{"line":229,"column":21},"end":{"line":229,"column":64}},"type":"cond-expr","locations":[{"start":{"line":229,"column":43},"end":{"line":229,"column":52}},{"start":{"line":229,"column":55},"end":{"line":229,"column":64}}],"line":229},"18":{"loc":{"start":{"line":233,"column":14},"end":{"line":233,"column":57}},"type":"binary-expr","locations":[{"start":{"line":233,"column":14},"end":{"line":233,"column":33}},{"start":{"line":233,"column":37},"end":{"line":233,"column":57}}],"line":233},"19":{"loc":{"start":{"line":240,"column":32},"end":{"line":240,"column":72}},"type":"binary-expr","locations":[{"start":{"line":240,"column":32},"end":{"line":240,"column":52}},{"start":{"line":240,"column":56},"end":{"line":240,"column":72}}],"line":240},"20":{"loc":{"start":{"line":246,"column":21},"end":{"line":246,"column":65}},"type":"cond-expr","locations":[{"start":{"line":246,"column":44},"end":{"line":246,"column":53}},{"start":{"line":246,"column":56},"end":{"line":246,"column":65}}],"line":246},"21":{"loc":{"start":{"line":250,"column":14},"end":{"line":250,"column":58}},"type":"binary-expr","locations":[{"start":{"line":250,"column":14},"end":{"line":250,"column":34}},{"start":{"line":250,"column":38},"end":{"line":250,"column":58}}],"line":250},"22":{"loc":{"start":{"line":286,"column":9},"end":{"line":295,"column":9}},"type":"binary-expr","locations":[{"start":{"line":286,"column":9},"end":{"line":286,"column":21}},{"start":{"line":286,"column":25},"end":{"line":286,"column":42}},{"start":{"line":287,"column":10},"end":{"line":294,"column":29}}],"line":286}},"s":{"0":0,"1":0,"2":0,"3":0,"4":0,"5":0,"6":0,"7":0,"8":0,"9":0,"10":0,"11":0,"12":0,"13":0,"14":0,"15":0,"16":0,"17":0,"18":0,"19":0,"20":0,"21":0,"22":0,"23":0,"24":0,"25":0,"26":0,"27":0,"28":0,"29":0,"30":0,"31":0,"32":0,"33":0,"34":0,"35":0,"36":0,"37":0,"38":0,"39":0,"40":0,"41":0,"42":0,"43":0,"44":0,"45":0,"46":0,"47":0,"48":0,"49":0,"50":0,"51":0,"52":0,"53":0,"54":0,"55":0,"56":0,"57":0,"58":0,"59":0,"60":0,"61":0,"62":0,"63":0},"f":{"0":0,"1":0,"2":0,"3":0,"4":0,"5":0,"6":0,"7":0,"8":0,"9":0,"10":0,"11":0,"12":0,"13":0,"14":0,"15":0,"16":0,"17":0,"18":0},"b":{"0":[0,0],"1":[0,0],"2":[0,0],"3":[0,0],"4":[0,0],"5":[0,0],"6":[0,0,0],"7":[0,0],"8":[0,0],"9":[0,0],"10":[0,0],"11":[0,0],"12":[0,0],"13":[0,0,0],"14":[0,0,0],"15":[0,0],"16":[0,0],"17":[0,0],"18":[0,0],"19":[0,0],"20":[0,0],"21":[0,0],"22":[0,0,0]}}
,"C:\\Users\\xdev\\Desktop\\AI_APPS\\smart-office-assistant-new\\screens\\ProfileScreen.tsx": {"path":"C:\\Users\\xdev\\Desktop\\AI_APPS\\smart-office-assistant-new\\screens\\ProfileScreen.tsx","statementMap":{"0":{"start":{"line":18,"column":21},"end":{"line":18,"column":36}},"1":{"start":{"line":19,"column":20},"end":{"line":19,"column":41}},"2":{"start":{"line":20,"column":28},"end":{"line":20,"column":51}},"3":{"start":{"line":23,"column":22},"end":{"line":62,"column":19}},"4":{"start":{"line":25,"column":20},"end":{"line":33,"column":5}},"5":{"start":{"line":36,"column":4},"end":{"line":59,"column":5}},"6":{"start":{"line":37,"column":6},"end":{"line":58,"column":7}},"7":{"start":{"line":38,"column":8},"end":{"line":46,"column":10}},"8":{"start":{"line":49,"column":8},"end":{"line":57,"column":10}},"9":{"start":{"line":61,"column":4},"end":{"line":61,"column":19}},"10":{"start":{"line":64,"column":24},"end":{"line":66,"column":3}},"11":{"start":{"line":65,"column":4},"end":{"line":65,"column":20}},"12":{"start":{"line":68,"column":2},"end":{"line":208,"column":4}},"13":{"start":{"line":78,"column":27},"end":{"line":78,"column":46}},"14":{"start":{"line":212,"column":17},"end":{"line":222,"column":1}},"15":{"start":{"line":213,"column":2},"end":{"line":221,"column":9}},"16":{"start":{"line":224,"column":15},"end":{"line":400,"column":2}}},"fnMap":{"0":{"name":"ProfileScreen","decl":{"start":{"line":17,"column":24},"end":{"line":17,"column":37}},"loc":{"start":{"line":17,"column":40},"end":{"line":209,"column":1}},"line":17},"1":{"name":"(anonymous_1)","decl":{"start":{"line":23,"column":30},"end":{"line":23,"column":31}},"loc":{"start":{"line":23,"column":36},"end":{"line":62,"column":3}},"line":23},"2":{"name":"(anonymous_2)","decl":{"start":{"line":64,"column":24},"end":{"line":64,"column":25}},"loc":{"start":{"line":64,"column":36},"end":{"line":66,"column":3}},"line":64},"3":{"name":"(anonymous_3)","decl":{"start":{"line":78,"column":21},"end":{"line":78,"column":22}},"loc":{"start":{"line":78,"column":27},"end":{"line":78,"column":46}},"line":78},"4":{"name":"(anonymous_4)","decl":{"start":{"line":212,"column":17},"end":{"line":212,"column":18}},"loc":{"start":{"line":213,"column":2},"end":{"line":221,"column":9}},"line":213}},"branchMap":{"0":{"loc":{"start":{"line":36,"column":4},"end":{"line":59,"column":5}},"type":"if","locations":[{"start":{"line":36,"column":4},"end":{"line":59,"column":5}},{"start":{},"end":{}}],"line":36},"1":{"loc":{"start":{"line":37,"column":6},"end":{"line":58,"column":7}},"type":"if","locations":[{"start":{"line":37,"column":6},"end":{"line":58,"column":7}},{"start":{"line":47,"column":13},"end":{"line":58,"column":7}}],"line":37},"2":{"loc":{"start":{"line":94,"column":40},"end":{"line":94,"column":101}},"type":"cond-expr","locations":[{"start":{"line":94,"column":65},"end":{"line":94,"column":82}},{"start":{"line":94,"column":85},"end":{"line":94,"column":101}}],"line":94},"3":{"loc":{"start":{"line":95,"column":46},"end":{"line":95,"column":87}},"type":"cond-expr","locations":[{"start":{"line":95,"column":71},"end":{"line":95,"column":78}},{"start":{"line":95,"column":81},"end":{"line":95,"column":87}}],"line":95},"4":{"loc":{"start":{"line":98,"column":42},"end":{"line":98,"column":77}},"type":"binary-expr","locations":[{"start":{"line":98,"column":42},"end":{"line":98,"column":53}},{"start":{"line":98,"column":57},"end":{"line":98,"column":77}}],"line":98},"5":{"loc":{"start":{"line":138,"column":21},"end":{"line":138,"column":56}},"type":"binary-expr","locations":[{"start":{"line":138,"column":21},"end":{"line":138,"column":32}},{"start":{"line":138,"column":36},"end":{"line":138,"column":56}}],"line":138}},"s":{"0":0,"1":0,"2":0,"3":0,"4":0,"5":0,"6":0,"7":0,"8":0,"9":0,"10":0,"11":0,"12":0,"13":0,"14":0,"15":0,"16":0},"f":{"0":0,"1":0,"2":0,"3":0,"4":0},"b":{"0":[0,0],"1":[0,0],"2":[0,0],"3":[0,0],"4":[0,0],"5":[0,0]}}
,"C:\\Users\\xdev\\Desktop\\AI_APPS\\smart-office-assistant-new\\screens\\SignInScreen.tsx": {"path":"C:\\Users\\xdev\\Desktop\\AI_APPS\\smart-office-assistant-new\\screens\\SignInScreen.tsx","statementMap":{"0":{"start":{"line":21,"column":15},"end":{"line":21,"column":38}},"1":{"start":{"line":22,"column":35},"end":{"line":22,"column":39}},"2":{"start":{"line":23,"column":17},"end":{"line":23,"column":28}},"3":{"start":{"line":25,"column":28},"end":{"line":25,"column":40}},"4":{"start":{"line":26,"column":34},"end":{"line":26,"column":46}},"5":{"start":{"line":27,"column":42},"end":{"line":27,"column":57}},"6":{"start":{"line":28,"column":42},"end":{"line":28,"column":54}},"7":{"start":{"line":30,"column":23},"end":{"line":74,"column":3}},"8":{"start":{"line":32,"column":4},"end":{"line":32,"column":24}},"9":{"start":{"line":34,"column":4},"end":{"line":38,"column":5}},"10":{"start":{"line":35,"column":6},"end":{"line":35,"column":43}},"11":{"start":{"line":36,"column":6},"end":{"line":36,"column":39}},"12":{"start":{"line":37,"column":6},"end":{"line":37,"column":13}},"13":{"start":{"line":40,"column":4},"end":{"line":44,"column":5}},"14":{"start":{"line":41,"column":6},"end":{"line":41,"column":46}},"15":{"start":{"line":42,"column":6},"end":{"line":42,"column":42}},"16":{"start":{"line":43,"column":6},"end":{"line":43,"column":13}},"17":{"start":{"line":46,"column":4},"end":{"line":73,"column":5}},"18":{"start":{"line":47,"column":6},"end":{"line":47,"column":28}},"19":{"start":{"line":50,"column":6},"end":{"line":55,"column":7}},"20":{"start":{"line":51,"column":8},"end":{"line":51,"column":62}},"21":{"start":{"line":52,"column":8},"end":{"line":52,"column":89}},"22":{"start":{"line":53,"column":8},"end":{"line":53,"column":73}},"23":{"start":{"line":54,"column":8},"end":{"line":54,"column":15}},"24":{"start":{"line":57,"column":24},"end":{"line":57,"column":60}},"25":{"start":{"line":59,"column":6},"end":{"line":66,"column":7}},"26":{"start":{"line":60,"column":8},"end":{"line":60,"column":55}},"27":{"start":{"line":61,"column":8},"end":{"line":61,"column":70}},"28":{"start":{"line":62,"column":8},"end":{"line":62,"column":66}},"29":{"start":{"line":64,"column":8},"end":{"line":64,"column":28}},"30":{"start":{"line":65,"column":8},"end":{"line":65,"column":48}},"31":{"start":{"line":68,"column":6},"end":{"line":68,"column":46}},"32":{"start":{"line":69,"column":6},"end":{"line":69,"column":54}},"33":{"start":{"line":70,"column":6},"end":{"line":70,"column":50}},"34":{"start":{"line":72,"column":6},"end":{"line":72,"column":29}},"35":{"start":{"line":76,"column":30},"end":{"line":87,"column":8}},"36":{"start":{"line":78,"column":4},"end":{"line":78,"column":24}},"37":{"start":{"line":80,"column":4},"end":{"line":86,"column":5}},"38":{"start":{"line":81,"column":6},"end":{"line":81,"column":36}},"39":{"start":{"line":82,"column":6},"end":{"line":82,"column":29}},"40":{"start":{"line":84,"column":6},"end":{"line":84,"column":37}},"41":{"start":{"line":85,"column":6},"end":{"line":85,"column":30}},"42":{"start":{"line":89,"column":20},"end":{"line":89,"column":47}},"43":{"start":{"line":91,"column":2},"end":{"line":217,"column":4}},"44":{"start":{"line":119,"column":18},"end":{"line":119,"column":33}},"45":{"start":{"line":121,"column":18},"end":{"line":121,"column":56}},"46":{"start":{"line":121,"column":36},"end":{"line":121,"column":56}},"47":{"start":{"line":137,"column":18},"end":{"line":137,"column":36}},"48":{"start":{"line":139,"column":18},"end":{"line":139,"column":56}},"49":{"start":{"line":139,"column":36},"end":{"line":139,"column":56}},"50":{"start":{"line":151,"column":33},"end":{"line":151,"column":60}},"51":{"start":{"line":159,"column":33},"end":{"line":159,"column":61}},"52":{"start":{"line":220,"column":15},"end":{"line":378,"column":2}}},"fnMap":{"0":{"name":"SignInScreen","decl":{"start":{"line":20,"column":24},"end":{"line":20,"column":36}},"loc":{"start":{"line":20,"column":39},"end":{"line":218,"column":1}},"line":20},"1":{"name":"(anonymous_1)","decl":{"start":{"line":30,"column":23},"end":{"line":30,"column":24}},"loc":{"start":{"line":30,"column":35},"end":{"line":74,"column":3}},"line":30},"2":{"name":"(anonymous_2)","decl":{"start":{"line":76,"column":42},"end":{"line":76,"column":43}},"loc":{"start":{"line":76,"column":70},"end":{"line":87,"column":3}},"line":76},"3":{"name":"(anonymous_3)","decl":{"start":{"line":118,"column":30},"end":{"line":118,"column":31}},"loc":{"start":{"line":118,"column":40},"end":{"line":122,"column":17}},"line":118},"4":{"name":"(anonymous_4)","decl":{"start":{"line":136,"column":30},"end":{"line":136,"column":31}},"loc":{"start":{"line":136,"column":40},"end":{"line":140,"column":17}},"line":136},"5":{"name":"(anonymous_5)","decl":{"start":{"line":151,"column":27},"end":{"line":151,"column":28}},"loc":{"start":{"line":151,"column":33},"end":{"line":151,"column":60}},"line":151},"6":{"name":"(anonymous_6)","decl":{"start":{"line":159,"column":27},"end":{"line":159,"column":28}},"loc":{"start":{"line":159,"column":33},"end":{"line":159,"column":61}},"line":159}},"branchMap":{"0":{"loc":{"start":{"line":34,"column":4},"end":{"line":38,"column":5}},"type":"if","locations":[{"start":{"line":34,"column":4},"end":{"line":38,"column":5}},{"start":{},"end":{}}],"line":34},"1":{"loc":{"start":{"line":40,"column":4},"end":{"line":44,"column":5}},"type":"if","locations":[{"start":{"line":40,"column":4},"end":{"line":44,"column":5}},{"start":{},"end":{}}],"line":40},"2":{"loc":{"start":{"line":50,"column":6},"end":{"line":55,"column":7}},"type":"if","locations":[{"start":{"line":50,"column":6},"end":{"line":55,"column":7}},{"start":{},"end":{}}],"line":50},"3":{"loc":{"start":{"line":59,"column":6},"end":{"line":66,"column":7}},"type":"if","locations":[{"start":{"line":59,"column":6},"end":{"line":66,"column":7}},{"start":{"line":63,"column":13},"end":{"line":66,"column":7}}],"line":59},"4":{"loc":{"start":{"line":61,"column":24},"end":{"line":61,"column":68}},"type":"binary-expr","locations":[{"start":{"line":61,"column":24},"end":{"line":61,"column":37}},{"start":{"line":61,"column":41},"end":{"line":61,"column":68}}],"line":61},"5":{"loc":{"start":{"line":62,"column":20},"end":{"line":62,"column":64}},"type":"binary-expr","locations":[{"start":{"line":62,"column":20},"end":{"line":62,"column":33}},{"start":{"line":62,"column":37},"end":{"line":62,"column":64}}],"line":62},"6":{"loc":{"start":{"line":80,"column":4},"end":{"line":86,"column":5}},"type":"if","locations":[{"start":{"line":80,"column":4},"end":{"line":86,"column":5}},{"start":{"line":83,"column":11},"end":{"line":86,"column":5}}],"line":80},"7":{"loc":{"start":{"line":89,"column":20},"end":{"line":89,"column":47}},"type":"binary-expr","locations":[{"start":{"line":89,"column":20},"end":{"line":89,"column":32}},{"start":{"line":89,"column":36},"end":{"line":89,"column":47}}],"line":89},"8":{"loc":{"start":{"line":99,"column":20},"end":{"line":99,"column":65}},"type":"cond-expr","locations":[{"start":{"line":99,"column":44},"end":{"line":99,"column":53}},{"start":{"line":99,"column":56},"end":{"line":99,"column":65}}],"line":99},"9":{"loc":{"start":{"line":105,"column":13},"end":{"line":109,"column":20}},"type":"cond-expr","locations":[{"start":{"line":106,"column":14},"end":{"line":108,"column":21}},{"start":{"line":109,"column":16},"end":{"line":109,"column":20}}],"line":105},"10":{"loc":{"start":{"line":121,"column":18},"end":{"line":121,"column":56}},"type":"if","locations":[{"start":{"line":121,"column":18},"end":{"line":121,"column":56}},{"start":{},"end":{}}],"line":121},"11":{"loc":{"start":{"line":139,"column":18},"end":{"line":139,"column":56}},"type":"if","locations":[{"start":{"line":139,"column":18},"end":{"line":139,"column":56}},{"start":{},"end":{}}],"line":139},"12":{"loc":{"start":{"line":171,"column":37},"end":{"line":171,"column":71}},"type":"binary-expr","locations":[{"start":{"line":171,"column":37},"end":{"line":171,"column":46}},{"start":{"line":171,"column":50},"end":{"line":171,"column":71}}],"line":171},"13":{"loc":{"start":{"line":176,"column":15},"end":{"line":180,"column":15}},"type":"cond-expr","locations":[{"start":{"line":177,"column":16},"end":{"line":177,"column":63}},{"start":{"line":179,"column":16},"end":{"line":179,"column":62}}],"line":176},"14":{"loc":{"start":{"line":276,"column":21},"end":{"line":276,"column":52}},"type":"cond-expr","locations":[{"start":{"line":276,"column":45},"end":{"line":276,"column":47}},{"start":{"line":276,"column":50},"end":{"line":276,"column":52}}],"line":276}},"s":{"0":0,"1":0,"2":0,"3":0,"4":0,"5":0,"6":0,"7":0,"8":0,"9":0,"10":0,"11":0,"12":0,"13":0,"14":0,"15":0,"16":0,"17":0,"18":0,"19":0,"20":0,"21":0,"22":0,"23":0,"24":0,"25":0,"26":0,"27":0,"28":0,"29":0,"30":0,"31":0,"32":0,"33":0,"34":0,"35":0,"36":0,"37":0,"38":0,"39":0,"40":0,"41":0,"42":0,"43":0,"44":0,"45":0,"46":0,"47":0,"48":0,"49":0,"50":0,"51":0,"52":0},"f":{"0":0,"1":0,"2":0,"3":0,"4":0,"5":0,"6":0},"b":{"0":[0,0],"1":[0,0],"2":[0,0],"3":[0,0],"4":[0,0],"5":[0,0],"6":[0,0],"7":[0,0],"8":[0,0],"9":[0,0],"10":[0,0],"11":[0,0],"12":[0,0],"13":[0,0],"14":[0,0]}}
}
