TN:
SF:AuthContext.tsx
FN:81,(anonymous_0)
FN:82,(anonymous_1)
FN:83,(anonymous_2)
FN:84,(anonymous_3)
FN:85,(anonymous_4)
FN:92,(anonymous_5)
FN:103,(anonymous_6)
FN:115,(anonymous_7)
FN:141,(anonymous_8)
FN:146,(anonymous_9)
FN:167,(anonymous_10)
FN:191,(anonymous_11)
FN:214,(anonymous_12)
FN:224,(anonymous_13)
FN:283,(anonymous_14)
FN:301,(anonymous_15)
FN:302,(anonymous_16)
FN:356,(anonymous_17)
FN:379,(anonymous_18)
FNF:19
FNH:0
FNDA:0,(anonymous_0)
FNDA:0,(anonymous_1)
FNDA:0,(anonymous_2)
FNDA:0,(anonymous_3)
FNDA:0,(anonymous_4)
FNDA:0,(anonymous_5)
FNDA:0,(anonymous_6)
FNDA:0,(anonymous_7)
FNDA:0,(anonymous_8)
FNDA:0,(anonymous_9)
FNDA:0,(anonymous_10)
FNDA:0,(anonymous_11)
FNDA:0,(anonymous_12)
FNDA:0,(anonymous_13)
FNDA:0,(anonymous_14)
FNDA:0,(anonymous_15)
FNDA:0,(anonymous_16)
FNDA:0,(anonymous_17)
FNDA:0,(anonymous_18)
DA:48,0
DA:78,0
DA:81,0
DA:82,0
DA:83,0
DA:84,0
DA:85,0
DA:88,0
DA:91,0
DA:93,0
DA:94,0
DA:95,0
DA:97,0
DA:100,0
DA:104,0
DA:105,0
DA:106,0
DA:108,0
DA:111,0
DA:112,0
DA:116,0
DA:117,0
DA:118,0
DA:120,0
DA:123,0
DA:129,0
DA:141,0
DA:142,0
DA:143,0
DA:146,0
DA:147,0
DA:149,0
DA:150,0
DA:155,0
DA:158,0
DA:159,0
DA:162,0
DA:167,0
DA:168,0
DA:170,0
DA:171,0
DA:179,0
DA:182,0
DA:183,0
DA:186,0
DA:191,0
DA:192,0
DA:194,0
DA:195,0
DA:196,0
DA:201,0
DA:204,0
DA:205,0
DA:206,0
DA:209,0
DA:214,0
DA:215,0
DA:216,0
DA:217,0
DA:219,0
DA:220,0
DA:224,0
DA:226,0
DA:228,0
DA:230,0
DA:239,0
DA:242,0
DA:244,0
DA:245,0
DA:249,0
DA:251,0
DA:252,0
DA:253,0
DA:256,0
DA:257,0
DA:260,0
DA:262,0
DA:265,0
DA:267,0
DA:274,0
DA:276,0
DA:277,0
DA:279,0
DA:283,0
DA:284,0
DA:285,0
DA:286,0
DA:288,0
DA:290,0
DA:292,0
DA:294,0
DA:296,0
DA:301,0
DA:302,0
DA:303,0
DA:305,0
DA:306,0
DA:307,0
DA:308,0
DA:310,0
DA:311,0
DA:312,0
DA:314,0
DA:315,0
DA:316,0
DA:318,0
DA:319,0
DA:324,0
DA:326,0
DA:327,0
DA:328,0
DA:329,0
DA:332,0
DA:333,0
DA:334,0
DA:335,0
DA:338,0
DA:340,0
DA:348,0
DA:350,0
DA:354,0
DA:356,0
DA:357,0
DA:358,0
DA:359,0
DA:362,0
DA:364,0
DA:372,0
DA:373,0
DA:374,0
DA:379,0
DA:380,0
DA:384,0
LF:133
LH:0
BRDA:94,0,0,0
BRDA:94,0,1,0
BRDA:105,1,0,0
BRDA:105,1,1,0
BRDA:117,2,0,0
BRDA:117,2,1,0
BRDA:147,3,0,0
BRDA:147,3,1,0
BRDA:158,4,0,0
BRDA:158,4,1,0
BRDA:168,5,0,0
BRDA:168,5,1,0
BRDA:182,6,0,0
BRDA:182,6,1,0
BRDA:192,7,0,0
BRDA:192,7,1,0
BRDA:204,8,0,0
BRDA:204,8,1,0
BRDA:219,9,0,0
BRDA:219,9,1,0
BRDA:219,10,0,0
BRDA:219,10,1,0
BRDA:224,11,0,0
BRDA:224,11,1,0
BRDA:226,12,0,0
BRDA:226,12,1,0
BRDA:251,13,0,0
BRDA:251,13,1,0
BRDA:256,14,0,0
BRDA:256,14,1,0
BRDA:262,15,0,0
BRDA:262,15,1,0
BRDA:270,16,0,0
BRDA:270,16,1,0
BRDA:277,17,0,0
BRDA:277,17,1,0
BRDA:306,18,0,0
BRDA:306,18,1,0
BRDA:310,19,0,0
BRDA:310,19,1,0
BRDA:326,20,0,0
BRDA:326,20,1,0
BRDA:333,21,0,0
BRDA:333,21,1,0
BRDA:335,22,0,0
BRDA:335,22,1,0
BRDA:343,23,0,0
BRDA:343,23,1,0
BRDA:357,24,0,0
BRDA:357,24,1,0
BRDA:359,25,0,0
BRDA:359,25,1,0
BRDA:367,26,0,0
BRDA:367,26,1,0
BRDA:373,27,0,0
BRDA:373,27,1,0
BRF:56
BRH:0
end_of_record
TN:
SF:lib\supabase-api.ts
FN:125,(anonymous_0)
FN:139,(anonymous_1)
FN:151,(anonymous_2)
FN:162,(anonymous_3)
FN:173,(anonymous_4)
FN:184,(anonymous_5)
FN:198,(anonymous_6)
FN:209,(anonymous_7)
FN:220,(anonymous_8)
FN:231,(anonymous_9)
FN:246,(anonymous_10)
FN:258,(anonymous_11)
FN:274,(anonymous_12)
FN:286,(anonymous_13)
FN:297,(anonymous_14)
FN:313,(anonymous_15)
FN:325,(anonymous_16)
FN:337,(anonymous_17)
FN:348,(anonymous_18)
FN:360,(anonymous_19)
FN:372,(anonymous_20)
FN:389,(anonymous_21)
FN:400,(anonymous_22)
FN:415,(anonymous_23)
FN:428,(anonymous_24)
FN:441,(anonymous_25)
FN:451,(anonymous_26)
FNF:27
FNH:13
FNDA:3,(anonymous_0)
FNDA:2,(anonymous_1)
FNDA:1,(anonymous_2)
FNDA:0,(anonymous_3)
FNDA:0,(anonymous_4)
FNDA:0,(anonymous_5)
FNDA:2,(anonymous_6)
FNDA:0,(anonymous_7)
FNDA:1,(anonymous_8)
FNDA:0,(anonymous_9)
FNDA:0,(anonymous_10)
FNDA:1,(anonymous_11)
FNDA:1,(anonymous_12)
FNDA:1,(anonymous_13)
FNDA:1,(anonymous_14)
FNDA:0,(anonymous_15)
FNDA:0,(anonymous_16)
FNDA:1,(anonymous_17)
FNDA:1,(anonymous_18)
FNDA:1,(anonymous_19)
FNDA:1,(anonymous_20)
FNDA:0,(anonymous_21)
FNDA:0,(anonymous_22)
FNDA:0,(anonymous_23)
FNDA:0,(anonymous_24)
FNDA:0,(anonymous_25)
FNDA:0,(anonymous_26)
DA:124,1
DA:126,3
DA:127,3
DA:129,1
DA:135,1
DA:136,1
DA:140,2
DA:147,2
DA:148,1
DA:152,1
DA:158,1
DA:159,1
DA:163,0
DA:169,0
DA:170,0
DA:174,0
DA:180,0
DA:181,0
DA:185,0
DA:191,0
DA:192,0
DA:197,1
DA:199,2
DA:205,1
DA:206,1
DA:210,0
DA:216,0
DA:217,0
DA:221,1
DA:227,1
DA:228,1
DA:232,0
DA:242,0
DA:243,0
DA:247,0
DA:254,0
DA:255,0
DA:259,1
DA:267,1
DA:268,1
DA:273,1
DA:275,1
DA:282,1
DA:283,1
DA:287,1
DA:293,1
DA:294,1
DA:298,1
DA:309,1
DA:310,1
DA:314,0
DA:321,0
DA:322,0
DA:326,0
DA:330,0
DA:331,0
DA:336,1
DA:338,1
DA:344,1
DA:345,1
DA:349,1
DA:356,1
DA:357,1
DA:361,1
DA:368,1
DA:369,1
DA:373,1
DA:375,1
DA:382,1
DA:383,1
DA:388,1
DA:390,0
DA:396,0
DA:397,0
DA:401,0
DA:408,0
DA:409,0
DA:414,1
DA:416,0
DA:424,0
DA:425,0
DA:429,0
DA:431,0
DA:437,0
DA:438,0
DA:442,0
DA:447,0
DA:448,0
DA:452,0
DA:459,0
DA:460,0
LF:91
LH:48
BRDA:127,0,0,2
BRDA:127,0,1,1
BRDA:135,1,0,0
BRDA:135,1,1,1
BRDA:147,2,0,1
BRDA:147,2,1,1
BRDA:158,3,0,0
BRDA:158,3,1,1
BRDA:158,4,0,1
BRDA:158,4,1,0
BRDA:169,5,0,0
BRDA:169,5,1,0
BRDA:180,6,0,0
BRDA:180,6,1,0
BRDA:180,7,0,0
BRDA:180,7,1,0
BRDA:191,8,0,0
BRDA:191,8,1,0
BRDA:205,9,0,0
BRDA:205,9,1,1
BRDA:216,10,0,0
BRDA:216,10,1,0
BRDA:216,11,0,0
BRDA:216,11,1,0
BRDA:227,12,0,0
BRDA:227,12,1,1
BRDA:231,13,0,0
BRDA:242,14,0,0
BRDA:242,14,1,0
BRDA:254,15,0,0
BRDA:254,15,1,0
BRDA:267,16,0,0
BRDA:267,16,1,1
BRDA:282,17,0,0
BRDA:282,17,1,1
BRDA:293,18,0,0
BRDA:293,18,1,1
BRDA:309,19,0,0
BRDA:309,19,1,1
BRDA:309,20,0,1
BRDA:309,20,1,0
BRDA:321,21,0,0
BRDA:321,21,1,0
BRDA:330,22,0,0
BRDA:330,22,1,0
BRDA:344,23,0,0
BRDA:344,23,1,1
BRDA:356,24,0,0
BRDA:356,24,1,1
BRDA:360,25,0,1
BRDA:368,26,0,0
BRDA:368,26,1,1
BRDA:382,27,0,0
BRDA:382,27,1,1
BRDA:382,28,0,1
BRDA:382,28,1,0
BRDA:396,29,0,0
BRDA:396,29,1,0
BRDA:400,30,0,0
BRDA:408,31,0,0
BRDA:408,31,1,0
BRDA:424,32,0,0
BRDA:424,32,1,0
BRDA:429,33,0,0
BRDA:429,33,1,0
BRDA:437,34,0,0
BRDA:437,34,1,0
BRDA:437,35,0,0
BRDA:437,35,1,0
BRDA:447,36,0,0
BRDA:447,36,1,0
BRDA:459,37,0,0
BRDA:459,37,1,0
BRF:73
BRH:20
end_of_record
TN:
SF:screens\AdminDashboardScreen.tsx
FN:64,(anonymous_0)
FN:66,(anonymous_1)
FN:96,(anonymous_2)
FN:98,(anonymous_3)
FN:120,(anonymous_4)
FN:122,(anonymous_5)
FN:132,(anonymous_6)
FN:145,AdminDashboardScreen
FN:152,(anonymous_8)
FN:204,(anonymous_9)
FN:218,(anonymous_10)
FN:232,(anonymous_11)
FNF:12
FNH:0
FNDA:0,(anonymous_0)
FNDA:0,(anonymous_1)
FNDA:0,(anonymous_2)
FNDA:0,(anonymous_3)
FNDA:0,(anonymous_4)
FNDA:0,(anonymous_5)
FNDA:0,(anonymous_6)
FNDA:0,AdminDashboardScreen
FNDA:0,(anonymous_8)
FNDA:0,(anonymous_9)
FNDA:0,(anonymous_10)
FNDA:0,(anonymous_11)
DA:15,0
DA:36,0
DA:52,0
DA:64,0
DA:66,0
DA:67,0
DA:70,0
DA:71,0
DA:72,0
DA:74,0
DA:97,0
DA:99,0
DA:120,0
DA:121,0
DA:123,0
DA:132,0
DA:133,0
DA:146,0
DA:147,0
DA:149,0
DA:152,0
DA:204,0
DA:218,0
DA:232,0
DA:337,0
LF:25
LH:0
BRDA:64,0,0,0
BRDA:64,1,0,0
BRDA:64,2,0,0
BRDA:141,3,0,0
BRDA:141,3,1,0
BRDA:202,4,0,0
BRDA:202,4,1,0
BRDA:208,5,0,0
BRDA:208,5,1,0
BRDA:216,6,0,0
BRDA:216,6,1,0
BRDA:222,7,0,0
BRDA:222,7,1,0
BRDA:230,8,0,0
BRDA:230,8,1,0
BRDA:236,9,0,0
BRDA:236,9,1,0
BRF:17
BRH:0
end_of_record
TN:
SF:screens\AttendanceScreen.tsx
FN:62,AttendanceScreen
FN:77,(anonymous_1)
FN:87,(anonymous_2)
FN:104,(anonymous_3)
FN:145,(anonymous_4)
FN:174,(anonymous_5)
FN:188,(anonymous_6)
FN:204,(anonymous_7)
FN:262,(anonymous_8)
FN:280,(anonymous_9)
FN:301,(anonymous_10)
FN:322,(anonymous_11)
FN:342,(anonymous_12)
FN:376,(anonymous_13)
FN:421,(anonymous_14)
FN:443,(anonymous_15)
FN:453,(anonymous_16)
FN:476,(anonymous_17)
FN:499,(anonymous_18)
FN:522,(anonymous_19)
FN:553,(anonymous_20)
FN:568,(anonymous_21)
FNF:22
FNH:0
FNDA:0,AttendanceScreen
FNDA:0,(anonymous_1)
FNDA:0,(anonymous_2)
FNDA:0,(anonymous_3)
FNDA:0,(anonymous_4)
FNDA:0,(anonymous_5)
FNDA:0,(anonymous_6)
FNDA:0,(anonymous_7)
FNDA:0,(anonymous_8)
FNDA:0,(anonymous_9)
FNDA:0,(anonymous_10)
FNDA:0,(anonymous_11)
FNDA:0,(anonymous_12)
FNDA:0,(anonymous_13)
FNDA:0,(anonymous_14)
FNDA:0,(anonymous_15)
FNDA:0,(anonymous_16)
FNDA:0,(anonymous_17)
FNDA:0,(anonymous_18)
FNDA:0,(anonymous_19)
FNDA:0,(anonymous_20)
FNDA:0,(anonymous_21)
DA:18,0
DA:63,0
DA:66,0
DA:67,0
DA:68,0
DA:69,0
DA:70,0
DA:71,0
DA:72,0
DA:73,0
DA:74,0
DA:77,0
DA:78,0
DA:79,0
DA:87,0
DA:89,0
DA:90,0
DA:91,0
DA:94,0
DA:96,0
DA:97,0
DA:98,0
DA:99,0
DA:104,0
DA:105,0
DA:106,0
DA:111,0
DA:112,0
DA:113,0
DA:114,0
DA:118,0
DA:128,0
DA:129,0
DA:130,0
DA:133,0
DA:134,0
DA:135,0
DA:138,0
DA:139,0
DA:141,0
DA:145,0
DA:146,0
DA:147,0
DA:152,0
DA:153,0
DA:156,0
DA:165,0
DA:166,0
DA:169,0
DA:170,0
DA:174,0
DA:175,0
DA:177,0
DA:179,0
DA:181,0
DA:183,0
DA:188,0
DA:189,0
DA:191,0
DA:193,0
DA:195,0
DA:197,0
DA:199,0
DA:204,0
DA:205,0
DA:259,0
DA:262,0
DA:280,0
DA:301,0
DA:322,0
DA:342,0
DA:376,0
DA:421,0
DA:443,0
DA:454,0
DA:455,0
DA:477,0
DA:478,0
DA:500,0
DA:501,0
DA:523,0
DA:524,0
DA:553,0
DA:569,0
DA:570,0
DA:571,0
DA:573,0
DA:585,0
LF:88
LH:0
BRDA:89,0,0,0
BRDA:89,0,1,0
BRDA:96,1,0,0
BRDA:96,1,1,0
BRDA:98,2,0,0
BRDA:98,2,1,0
BRDA:111,3,0,0
BRDA:111,3,1,0
BRDA:112,4,0,0
BRDA:112,4,1,0
BRDA:133,5,0,0
BRDA:133,5,1,0
BRDA:133,6,0,0
BRDA:133,6,1,0
BRDA:162,7,0,0
BRDA:162,7,1,0
BRDA:175,8,0,0
BRDA:175,8,1,0
BRDA:175,8,2,0
BRDA:175,8,3,0
BRDA:189,9,0,0
BRDA:189,9,1,0
BRDA:189,9,2,0
BRDA:189,9,3,0
BRDA:189,9,4,0
BRDA:213,10,0,0
BRDA:213,10,1,0
BRDA:215,11,0,0
BRDA:215,11,1,0
BRDA:221,12,0,0
BRDA:221,12,1,0
BRDA:226,13,0,0
BRDA:226,13,1,0
BRDA:230,14,0,0
BRDA:230,14,1,0
BRDA:234,15,0,0
BRDA:234,15,1,0
BRDA:238,16,0,0
BRDA:238,16,1,0
BRDA:240,17,0,0
BRDA:240,17,1,0
BRDA:242,18,0,0
BRDA:242,18,1,0
BRDA:278,19,0,0
BRDA:278,19,1,0
BRDA:286,20,0,0
BRDA:286,20,1,0
BRDA:290,21,0,0
BRDA:290,21,1,0
BRDA:299,22,0,0
BRDA:299,22,1,0
BRDA:307,23,0,0
BRDA:307,23,1,0
BRDA:311,24,0,0
BRDA:311,24,1,0
BRDA:320,25,0,0
BRDA:320,25,1,0
BRDA:328,26,0,0
BRDA:328,26,1,0
BRDA:332,27,0,0
BRDA:332,27,1,0
BRDA:339,28,0,0
BRDA:339,28,1,0
BRDA:339,28,2,0
BRDA:342,29,0,0
BRDA:342,29,1,0
BRDA:348,30,0,0
BRDA:348,30,1,0
BRDA:350,31,0,0
BRDA:350,31,1,0
BRDA:352,32,0,0
BRDA:352,32,1,0
BRDA:360,33,0,0
BRDA:360,33,1,0
BRDA:362,34,0,0
BRDA:362,34,1,0
BRDA:364,35,0,0
BRDA:364,35,1,0
BRDA:373,36,0,0
BRDA:373,36,1,0
BRDA:373,36,2,0
BRDA:373,36,3,0
BRDA:381,37,0,0
BRDA:381,37,1,0
BRDA:394,38,0,0
BRDA:394,38,1,0
BRDA:396,39,0,0
BRDA:396,39,1,0
BRDA:399,40,0,0
BRDA:399,40,1,0
BRDA:403,41,0,0
BRDA:403,41,1,0
BRDA:417,42,0,0
BRDA:417,42,1,0
BRDA:451,43,0,0
BRDA:451,43,1,0
BRDA:461,44,0,0
BRDA:461,44,1,0
BRDA:465,45,0,0
BRDA:465,45,1,0
BRDA:474,46,0,0
BRDA:474,46,1,0
BRDA:484,47,0,0
BRDA:484,47,1,0
BRDA:488,48,0,0
BRDA:488,48,1,0
BRDA:497,49,0,0
BRDA:497,49,1,0
BRDA:507,50,0,0
BRDA:507,50,1,0
BRDA:511,51,0,0
BRDA:511,51,1,0
BRDA:520,52,0,0
BRDA:520,52,1,0
BRDA:530,53,0,0
BRDA:530,53,1,0
BRDA:534,54,0,0
BRDA:534,54,1,0
BRDA:569,55,0,0
BRDA:569,55,1,0
BRF:120
BRH:0
end_of_record
TN:
SF:screens\BookRoomScreen.tsx
FN:27,(anonymous_0)
FN:36,(anonymous_1)
FN:48,BookRoomScreen
FN:69,(anonymous_3)
FN:84,(anonymous_4)
FN:93,(anonymous_5)
FN:117,(anonymous_6)
FN:122,(anonymous_7)
FN:129,(anonymous_8)
FN:142,(anonymous_9)
FN:147,(anonymous_10)
FN:152,(anonymous_11)
FN:157,(anonymous_12)
FN:162,(anonymous_13)
FN:167,(anonymous_14)
FN:171,(anonymous_15)
FN:175,(anonymous_16)
FN:179,(anonymous_17)
FN:192,(anonymous_18)
FN:206,(anonymous_19)
FN:260,(anonymous_20)
FN:264,(anonymous_21)
FN:274,(anonymous_22)
FN:281,(anonymous_23)
FN:328,(anonymous_24)
FN:330,(anonymous_25)
FN:337,(anonymous_26)
FN:399,(anonymous_27)
FN:406,(anonymous_28)
FN:427,(anonymous_29)
FN:435,(anonymous_30)
FN:489,(anonymous_31)
FN:501,(anonymous_32)
FN:511,(anonymous_33)
FN:518,(anonymous_34)
FN:537,(anonymous_35)
FNF:36
FNH:0
FNDA:0,(anonymous_0)
FNDA:0,(anonymous_1)
FNDA:0,BookRoomScreen
FNDA:0,(anonymous_3)
FNDA:0,(anonymous_4)
FNDA:0,(anonymous_5)
FNDA:0,(anonymous_6)
FNDA:0,(anonymous_7)
FNDA:0,(anonymous_8)
FNDA:0,(anonymous_9)
FNDA:0,(anonymous_10)
FNDA:0,(anonymous_11)
FNDA:0,(anonymous_12)
FNDA:0,(anonymous_13)
FNDA:0,(anonymous_14)
FNDA:0,(anonymous_15)
FNDA:0,(anonymous_16)
FNDA:0,(anonymous_17)
FNDA:0,(anonymous_18)
FNDA:0,(anonymous_19)
FNDA:0,(anonymous_20)
FNDA:0,(anonymous_21)
FNDA:0,(anonymous_22)
FNDA:0,(anonymous_23)
FNDA:0,(anonymous_24)
FNDA:0,(anonymous_25)
FNDA:0,(anonymous_26)
FNDA:0,(anonymous_27)
FNDA:0,(anonymous_28)
FNDA:0,(anonymous_29)
FNDA:0,(anonymous_30)
FNDA:0,(anonymous_31)
FNDA:0,(anonymous_32)
FNDA:0,(anonymous_33)
FNDA:0,(anonymous_34)
FNDA:0,(anonymous_35)
DA:21,0
DA:27,0
DA:28,0
DA:29,0
DA:30,0
DA:31,0
DA:32,0
DA:36,0
DA:37,0
DA:38,0
DA:39,0
DA:40,0
DA:49,0
DA:50,0
DA:53,0
DA:54,0
DA:55,0
DA:56,0
DA:57,0
DA:58,0
DA:59,0
DA:60,0
DA:61,0
DA:62,0
DA:63,0
DA:64,0
DA:65,0
DA:66,0
DA:69,0
DA:70,0
DA:71,0
DA:72,0
DA:73,0
DA:74,0
DA:76,0
DA:77,0
DA:79,0
DA:84,0
DA:85,0
DA:87,0
DA:88,0
DA:89,0
DA:90,0
DA:92,0
DA:94,0
DA:100,0
DA:107,0
DA:109,0
DA:110,0
DA:112,0
DA:117,0
DA:118,0
DA:122,0
DA:123,0
DA:124,0
DA:129,0
DA:130,0
DA:131,0
DA:132,0
DA:133,0
DA:134,0
DA:136,0
DA:139,0
DA:142,0
DA:143,0
DA:147,0
DA:148,0
DA:152,0
DA:153,0
DA:157,0
DA:158,0
DA:162,0
DA:163,0
DA:167,0
DA:168,0
DA:170,0
DA:171,0
DA:174,0
DA:175,0
DA:178,0
DA:179,0
DA:182,0
DA:183,0
DA:186,0
DA:187,0
DA:192,0
DA:193,0
DA:194,0
DA:195,0
DA:196,0
DA:197,0
DA:200,0
DA:201,0
DA:206,0
DA:207,0
DA:208,0
DA:209,0
DA:212,0
DA:213,0
DA:214,0
DA:217,0
DA:218,0
DA:219,0
DA:222,0
DA:223,0
DA:224,0
DA:227,0
DA:228,0
DA:230,0
DA:231,0
DA:233,0
DA:244,0
DA:246,0
DA:247,0
DA:250,0
DA:251,0
DA:253,0
DA:257,0
DA:260,0
DA:264,0
DA:275,0
DA:281,0
DA:328,0
DA:331,0
DA:337,0
DA:400,0
DA:406,0
DA:427,0
DA:435,0
DA:489,0
DA:502,0
DA:503,0
DA:512,0
DA:518,0
DA:537,0
DA:561,0
LF:136
LH:0
BRDA:30,0,0,0
BRDA:30,0,1,0
BRDA:31,1,0,0
BRDA:31,1,1,0
BRDA:31,2,0,0
BRDA:31,2,1,0
BRDA:85,3,0,0
BRDA:85,3,1,0
BRDA:85,4,0,0
BRDA:85,4,1,0
BRDA:123,5,0,0
BRDA:123,5,1,0
BRDA:123,6,0,0
BRDA:123,6,1,0
BRDA:170,7,0,0
BRDA:170,7,1,0
BRDA:174,8,0,0
BRDA:174,8,1,0
BRDA:178,9,0,0
BRDA:178,9,1,0
BRDA:186,10,0,0
BRDA:186,10,1,0
BRDA:186,11,0,0
BRDA:186,11,1,0
BRDA:200,12,0,0
BRDA:200,12,1,0
BRDA:200,13,0,0
BRDA:200,13,1,0
BRDA:207,14,0,0
BRDA:207,14,1,0
BRDA:207,15,0,0
BRDA:207,15,1,0
BRDA:212,16,0,0
BRDA:212,16,1,0
BRDA:217,17,0,0
BRDA:217,17,1,0
BRDA:222,18,0,0
BRDA:222,18,1,0
BRDA:279,19,0,0
BRDA:279,19,1,0
BRDA:285,20,0,0
BRDA:285,20,1,0
BRDA:291,21,0,0
BRDA:291,21,1,0
BRDA:304,22,0,0
BRDA:304,22,1,0
BRDA:309,23,0,0
BRDA:309,23,1,0
BRDA:314,24,0,0
BRDA:314,24,1,0
BRDA:334,25,0,0
BRDA:334,25,1,0
BRDA:335,26,0,0
BRDA:335,26,1,0
BRDA:343,27,0,0
BRDA:343,27,1,0
BRDA:346,28,0,0
BRDA:346,28,1,0
BRDA:350,29,0,0
BRDA:350,29,1,0
BRDA:352,30,0,0
BRDA:352,30,1,0
BRDA:359,31,0,0
BRDA:359,31,1,0
BRDA:365,32,0,0
BRDA:365,32,1,0
BRDA:371,33,0,0
BRDA:371,33,1,0
BRDA:380,34,0,0
BRDA:380,34,1,0
BRDA:382,35,0,0
BRDA:382,35,1,0
BRDA:395,36,0,0
BRDA:395,36,1,0
BRDA:404,37,0,0
BRDA:404,37,1,0
BRDA:410,38,0,0
BRDA:410,38,1,0
BRDA:421,39,0,0
BRDA:421,39,1,0
BRDA:427,40,0,0
BRDA:427,40,1,0
BRDA:430,41,0,0
BRDA:430,41,1,0
BRDA:435,42,0,0
BRDA:435,42,1,0
BRDA:438,43,0,0
BRDA:438,43,1,0
BRDA:445,44,0,0
BRDA:445,44,1,0
BRDA:459,45,0,0
BRDA:459,45,1,0
BRDA:459,45,2,0
BRDA:463,46,0,0
BRDA:463,46,1,0
BRDA:463,46,2,0
BRDA:466,47,0,0
BRDA:466,47,1,0
BRDA:468,48,0,0
BRDA:468,48,1,0
BRDA:472,49,0,0
BRDA:472,49,1,0
BRDA:500,50,0,0
BRDA:500,50,1,0
BRDA:502,51,0,0
BRDA:502,51,1,0
BRDA:516,52,0,0
BRDA:516,52,1,0
BRDA:523,53,0,0
BRDA:523,53,1,0
BRDA:539,54,0,0
BRDA:539,54,1,0
BRDA:540,55,0,0
BRDA:540,55,1,0
BRF:114
BRH:0
end_of_record
TN:
SF:screens\ChatbotScreen.tsx
FN:37,(anonymous_0)
FN:53,(anonymous_1)
FN:67,(anonymous_2)
FN:72,(anonymous_3)
FN:79,(anonymous_4)
FN:81,(anonymous_5)
FN:88,(anonymous_6)
FN:95,(anonymous_7)
FN:114,(anonymous_8)
FN:122,(anonymous_9)
FN:130,(anonymous_10)
FN:133,(anonymous_11)
FN:139,(anonymous_12)
FN:142,(anonymous_13)
FN:153,(anonymous_14)
FN:163,(anonymous_15)
FN:170,(anonymous_16)
FN:180,(anonymous_17)
FN:192,(anonymous_18)
FN:195,(anonymous_19)
FN:217,(anonymous_20)
FN:228,(anonymous_21)
FN:269,(anonymous_22)
FN:274,(anonymous_23)
FN:284,(anonymous_24)
FN:289,(anonymous_25)
FN:294,(anonymous_26)
FN:304,(anonymous_27)
FN:309,(anonymous_28)
FN:314,(anonymous_29)
FNF:30
FNH:0
FNDA:0,(anonymous_0)
FNDA:0,(anonymous_1)
FNDA:0,(anonymous_2)
FNDA:0,(anonymous_3)
FNDA:0,(anonymous_4)
FNDA:0,(anonymous_5)
FNDA:0,(anonymous_6)
FNDA:0,(anonymous_7)
FNDA:0,(anonymous_8)
FNDA:0,(anonymous_9)
FNDA:0,(anonymous_10)
FNDA:0,(anonymous_11)
FNDA:0,(anonymous_12)
FNDA:0,(anonymous_13)
FNDA:0,(anonymous_14)
FNDA:0,(anonymous_15)
FNDA:0,(anonymous_16)
FNDA:0,(anonymous_17)
FNDA:0,(anonymous_18)
FNDA:0,(anonymous_19)
FNDA:0,(anonymous_20)
FNDA:0,(anonymous_21)
FNDA:0,(anonymous_22)
FNDA:0,(anonymous_23)
FNDA:0,(anonymous_24)
FNDA:0,(anonymous_25)
FNDA:0,(anonymous_26)
FNDA:0,(anonymous_27)
FNDA:0,(anonymous_28)
FNDA:0,(anonymous_29)
DA:37,0
DA:38,0
DA:39,0
DA:47,0
DA:48,0
DA:49,0
DA:50,0
DA:53,0
DA:54,0
DA:55,0
DA:63,0
DA:64,0
DA:67,0
DA:68,0
DA:72,0
DA:73,0
DA:79,0
DA:80,0
DA:81,0
DA:82,0
DA:88,0
DA:89,0
DA:91,0
DA:92,0
DA:95,0
DA:96,0
DA:97,0
DA:100,0
DA:108,0
DA:111,0
DA:114,0
DA:115,0
DA:116,0
DA:122,0
DA:123,0
DA:130,0
DA:133,0
DA:134,0
DA:137,0
DA:138,0
DA:139,0
DA:140,0
DA:142,0
DA:143,0
DA:144,0
DA:150,0
DA:151,0
DA:153,0
DA:154,0
DA:159,0
DA:160,0
DA:161,0
DA:163,0
DA:164,0
DA:165,0
DA:168,0
DA:170,0
DA:171,0
DA:177,0
DA:178,0
DA:180,0
DA:181,0
DA:187,0
DA:192,0
DA:193,0
DA:195,0
DA:196,0
DA:197,0
DA:198,0
DA:199,0
DA:200,0
DA:201,0
DA:202,0
DA:203,0
DA:204,0
DA:209,0
DA:217,0
DA:229,0
DA:269,0
DA:274,0
DA:284,0
DA:289,0
DA:294,0
DA:304,0
DA:309,0
DA:314,0
DA:359,0
LF:87
LH:0
BRDA:54,0,0,0
BRDA:54,0,1,0
BRDA:80,1,0,0
BRDA:80,1,1,0
BRDA:89,2,0,0
BRDA:89,2,1,0
BRDA:89,3,0,0
BRDA:89,3,1,0
BRDA:137,4,0,0
BRDA:137,4,1,0
BRDA:137,5,0,0
BRDA:137,5,1,0
BRDA:137,5,2,0
BRDA:150,6,0,0
BRDA:150,6,1,0
BRDA:150,7,0,0
BRDA:150,7,1,0
BRDA:159,8,0,0
BRDA:159,8,1,0
BRDA:159,9,0,0
BRDA:159,9,1,0
BRDA:159,9,2,0
BRDA:160,10,0,0
BRDA:160,10,1,0
BRDA:160,11,0,0
BRDA:160,11,1,0
BRDA:177,12,0,0
BRDA:177,12,1,0
BRDA:177,13,0,0
BRDA:177,13,1,0
BRDA:177,13,2,0
BRDA:196,14,0,0
BRDA:196,14,1,0
BRDA:199,15,0,0
BRDA:199,15,1,0
BRDA:202,16,0,0
BRDA:202,16,1,0
BRDA:202,17,0,0
BRDA:202,17,1,0
BRDA:202,17,2,0
BRDA:233,18,0,0
BRDA:233,18,1,0
BRDA:235,19,0,0
BRDA:235,19,1,0
BRDA:242,20,0,0
BRDA:242,20,1,0
BRDA:246,21,0,0
BRDA:246,21,1,0
BRDA:259,22,0,0
BRDA:259,22,1,0
BRDA:259,22,2,0
BRDA:259,22,3,0
BRDA:259,22,4,0
BRDA:259,22,5,0
BRDA:265,23,0,0
BRDA:265,23,1,0
BRDA:280,24,0,0
BRDA:280,24,1,0
BRDA:300,25,0,0
BRDA:300,25,1,0
BRDA:324,26,0,0
BRDA:324,26,1,0
BRDA:340,27,0,0
BRDA:340,27,1,0
BRDA:348,28,0,0
BRDA:348,28,1,0
BRDA:350,29,0,0
BRDA:350,29,1,0
BRDA:366,30,0,0
BRDA:366,30,1,0
BRF:70
BRH:0
end_of_record
TN:
SF:screens\HomeScreen.tsx
FN:22,HomeScreen
FN:53,(anonymous_1)
FN:72,(anonymous_2)
FN:80,(anonymous_3)
FN:98,(anonymous_4)
FN:112,(anonymous_5)
FN:126,(anonymous_6)
FN:143,(anonymous_7)
FN:155,(anonymous_8)
FN:167,(anonymous_9)
FN:180,(anonymous_10)
FN:194,(anonymous_11)
FN:210,(anonymous_12)
FN:277,(anonymous_13)
FN:287,(anonymous_14)
FNF:15
FNH:0
FNDA:0,HomeScreen
FNDA:0,(anonymous_1)
FNDA:0,(anonymous_2)
FNDA:0,(anonymous_3)
FNDA:0,(anonymous_4)
FNDA:0,(anonymous_5)
FNDA:0,(anonymous_6)
FNDA:0,(anonymous_7)
FNDA:0,(anonymous_8)
FNDA:0,(anonymous_9)
FNDA:0,(anonymous_10)
FNDA:0,(anonymous_11)
FNDA:0,(anonymous_12)
FNDA:0,(anonymous_13)
FNDA:0,(anonymous_14)
DA:23,0
DA:24,0
DA:25,0
DA:26,0
DA:29,0
DA:30,0
DA:40,0
DA:41,0
DA:43,0
DA:44,0
DA:51,0
DA:53,0
DA:54,0
DA:56,0
DA:59,0
DA:73,0
DA:81,0
DA:98,0
DA:112,0
DA:126,0
DA:144,0
DA:156,0
DA:168,0
DA:181,0
DA:195,0
DA:210,0
DA:277,0
DA:287,0
DA:298,0
LF:29
LH:0
BRDA:29,0,0,0
BRDA:29,0,1,0
BRDA:40,1,0,0
BRDA:40,1,1,0
BRDA:96,2,0,0
BRDA:96,2,1,0
BRDA:100,3,0,0
BRDA:100,3,1,0
BRDA:103,4,0,0
BRDA:103,4,1,0
BRDA:110,5,0,0
BRDA:110,5,1,0
BRDA:114,6,0,0
BRDA:114,6,1,0
BRDA:117,7,0,0
BRDA:117,7,1,0
BRDA:124,8,0,0
BRDA:124,8,1,0
BRDA:128,9,0,0
BRDA:128,9,1,0
BRDA:131,10,0,0
BRDA:131,10,1,0
BRDA:177,11,0,0
BRDA:177,11,1,0
BRF:24
BRH:0
end_of_record
TN:
SF:screens\OnboardingScreen.tsx
FN:39,(anonymous_0)
FN:52,(anonymous_1)
FN:54,(anonymous_2)
FN:70,(anonymous_3)
FN:84,(anonymous_4)
FN:87,(anonymous_5)
FN:90,(anonymous_6)
FN:97,(anonymous_7)
FN:100,(anonymous_8)
FN:107,(anonymous_9)
FN:110,(anonymous_10)
FN:117,(anonymous_11)
FN:120,(anonymous_12)
FN:127,(anonymous_13)
FN:130,(anonymous_14)
FN:137,(anonymous_15)
FN:140,(anonymous_16)
FN:147,(anonymous_17)
FN:156,(anonymous_18)
FN:163,(anonymous_19)
FN:166,(anonymous_20)
FN:173,(anonymous_21)
FN:176,(anonymous_22)
FN:183,(anonymous_23)
FN:186,(anonymous_24)
FN:193,(anonymous_25)
FN:196,(anonymous_26)
FN:203,(anonymous_27)
FN:206,(anonymous_28)
FN:213,(anonymous_29)
FN:216,(anonymous_30)
FN:223,(anonymous_31)
FN:241,(anonymous_32)
FN:249,(anonymous_33)
FN:252,(anonymous_34)
FN:258,(anonymous_35)
FN:261,(anonymous_36)
FN:266,(anonymous_37)
FN:272,(anonymous_38)
FN:286,(anonymous_39)
FN:291,(anonymous_40)
FN:305,(anonymous_41)
FN:332,(anonymous_42)
FN:412,(anonymous_43)
FN:418,(anonymous_44)
FNF:45
FNH:0
FNDA:0,(anonymous_0)
FNDA:0,(anonymous_1)
FNDA:0,(anonymous_2)
FNDA:0,(anonymous_3)
FNDA:0,(anonymous_4)
FNDA:0,(anonymous_5)
FNDA:0,(anonymous_6)
FNDA:0,(anonymous_7)
FNDA:0,(anonymous_8)
FNDA:0,(anonymous_9)
FNDA:0,(anonymous_10)
FNDA:0,(anonymous_11)
FNDA:0,(anonymous_12)
FNDA:0,(anonymous_13)
FNDA:0,(anonymous_14)
FNDA:0,(anonymous_15)
FNDA:0,(anonymous_16)
FNDA:0,(anonymous_17)
FNDA:0,(anonymous_18)
FNDA:0,(anonymous_19)
FNDA:0,(anonymous_20)
FNDA:0,(anonymous_21)
FNDA:0,(anonymous_22)
FNDA:0,(anonymous_23)
FNDA:0,(anonymous_24)
FNDA:0,(anonymous_25)
FNDA:0,(anonymous_26)
FNDA:0,(anonymous_27)
FNDA:0,(anonymous_28)
FNDA:0,(anonymous_29)
FNDA:0,(anonymous_30)
FNDA:0,(anonymous_31)
FNDA:0,(anonymous_32)
FNDA:0,(anonymous_33)
FNDA:0,(anonymous_34)
FNDA:0,(anonymous_35)
FNDA:0,(anonymous_36)
FNDA:0,(anonymous_37)
FNDA:0,(anonymous_38)
FNDA:0,(anonymous_39)
FNDA:0,(anonymous_40)
FNDA:0,(anonymous_41)
FNDA:0,(anonymous_42)
FNDA:0,(anonymous_43)
FNDA:0,(anonymous_44)
DA:39,0
DA:40,0
DA:41,0
DA:42,0
DA:43,0
DA:44,0
DA:45,0
DA:48,0
DA:49,0
DA:52,0
DA:53,0
DA:54,0
DA:55,0
DA:61,0
DA:70,0
DA:71,0
DA:72,0
DA:73,0
DA:79,0
DA:84,0
DA:86,0
DA:87,0
DA:88,0
DA:90,0
DA:91,0
DA:96,0
DA:97,0
DA:98,0
DA:100,0
DA:101,0
DA:106,0
DA:107,0
DA:108,0
DA:110,0
DA:111,0
DA:116,0
DA:117,0
DA:118,0
DA:120,0
DA:121,0
DA:126,0
DA:127,0
DA:128,0
DA:130,0
DA:131,0
DA:136,0
DA:137,0
DA:138,0
DA:140,0
DA:141,0
DA:146,0
DA:147,0
DA:148,0
DA:154,0
DA:156,0
DA:157,0
DA:162,0
DA:163,0
DA:164,0
DA:166,0
DA:167,0
DA:172,0
DA:173,0
DA:174,0
DA:176,0
DA:177,0
DA:182,0
DA:183,0
DA:184,0
DA:186,0
DA:187,0
DA:192,0
DA:193,0
DA:194,0
DA:196,0
DA:197,0
DA:202,0
DA:203,0
DA:204,0
DA:206,0
DA:207,0
DA:212,0
DA:213,0
DA:214,0
DA:216,0
DA:217,0
DA:222,0
DA:223,0
DA:224,0
DA:227,0
DA:230,0
DA:236,0
DA:241,0
DA:242,0
DA:249,0
DA:252,0
DA:254,0
DA:257,0
DA:258,0
DA:259,0
DA:261,0
DA:262,0
DA:266,0
DA:267,0
DA:272,0
DA:273,0
DA:274,0
DA:275,0
DA:276,0
DA:281,0
DA:286,0
DA:291,0
DA:292,0
DA:294,0
DA:296,0
DA:298,0
DA:300,0
DA:305,0
DA:306,0
DA:308,0
DA:310,0
DA:312,0
DA:314,0
DA:318,0
DA:333,0
DA:412,0
DA:418,0
DA:443,0
LF:128
LH:0
BRDA:53,0,0,0
BRDA:53,0,1,0
BRDA:61,1,0,0
BRDA:61,1,1,0
BRDA:86,2,0,0
BRDA:86,2,1,0
BRDA:96,3,0,0
BRDA:96,3,1,0
BRDA:106,4,0,0
BRDA:106,4,1,0
BRDA:116,5,0,0
BRDA:116,5,1,0
BRDA:126,6,0,0
BRDA:126,6,1,0
BRDA:136,7,0,0
BRDA:136,7,1,0
BRDA:146,8,0,0
BRDA:146,8,1,0
BRDA:162,9,0,0
BRDA:162,9,1,0
BRDA:172,10,0,0
BRDA:172,10,1,0
BRDA:182,11,0,0
BRDA:182,11,1,0
BRDA:192,12,0,0
BRDA:192,12,1,0
BRDA:202,13,0,0
BRDA:202,13,1,0
BRDA:212,14,0,0
BRDA:212,14,1,0
BRDA:222,15,0,0
BRDA:222,15,1,0
BRDA:257,16,0,0
BRDA:257,16,1,0
BRDA:292,17,0,0
BRDA:292,17,1,0
BRDA:292,17,2,0
BRDA:292,17,3,0
BRDA:306,18,0,0
BRDA:306,18,1,0
BRDA:306,18,2,0
BRDA:306,18,3,0
BRDA:337,19,0,0
BRDA:337,19,1,0
BRDA:339,20,0,0
BRDA:339,20,1,0
BRDA:346,21,0,0
BRDA:346,21,1,0
BRDA:350,22,0,0
BRDA:350,22,1,0
BRDA:362,23,0,0
BRDA:362,23,1,0
BRDA:406,24,0,0
BRDA:406,24,1,0
BRDA:406,24,2,0
BRDA:406,24,3,0
BRDA:406,24,4,0
BRDA:425,25,0,0
BRDA:425,25,1,0
BRDA:425,25,2,0
BRDA:425,25,3,0
BRDA:425,25,4,0
BRDA:425,25,5,0
BRDA:450,26,0,0
BRDA:450,26,1,0
BRF:65
BRH:0
end_of_record
TN:
SF:screens\ParkingScreen.tsx
FN:21,(anonymous_0)
FN:32,(anonymous_1)
FN:42,ParkingScreen
FN:53,(anonymous_3)
FN:55,(anonymous_4)
FN:70,(anonymous_5)
FN:81,(anonymous_6)
FN:96,(anonymous_7)
FN:109,(anonymous_8)
FN:111,(anonymous_9)
FN:135,(anonymous_10)
FN:142,(anonymous_11)
FN:145,(anonymous_12)
FN:169,(anonymous_13)
FN:179,(anonymous_14)
FN:194,(anonymous_15)
FN:224,(anonymous_16)
FN:241,(anonymous_17)
FN:278,(anonymous_18)
FNF:19
FNH:0
FNDA:0,(anonymous_0)
FNDA:0,(anonymous_1)
FNDA:0,ParkingScreen
FNDA:0,(anonymous_3)
FNDA:0,(anonymous_4)
FNDA:0,(anonymous_5)
FNDA:0,(anonymous_6)
FNDA:0,(anonymous_7)
FNDA:0,(anonymous_8)
FNDA:0,(anonymous_9)
FNDA:0,(anonymous_10)
FNDA:0,(anonymous_11)
FNDA:0,(anonymous_12)
FNDA:0,(anonymous_13)
FNDA:0,(anonymous_14)
FNDA:0,(anonymous_15)
FNDA:0,(anonymous_16)
FNDA:0,(anonymous_17)
FNDA:0,(anonymous_18)
DA:17,0
DA:21,0
DA:32,0
DA:43,0
DA:44,0
DA:45,0
DA:46,0
DA:47,0
DA:49,0
DA:50,0
DA:53,0
DA:55,0
DA:57,0
DA:66,0
DA:70,0
DA:71,0
DA:72,0
DA:74,0
DA:75,0
DA:77,0
DA:81,0
DA:82,0
DA:83,0
DA:84,0
DA:87,0
DA:88,0
DA:89,0
DA:92,0
DA:96,0
DA:97,0
DA:98,0
DA:99,0
DA:103,0
DA:106,0
DA:109,0
DA:110,0
DA:111,0
DA:113,0
DA:114,0
DA:121,0
DA:131,0
DA:135,0
DA:136,0
DA:139,0
DA:142,0
DA:143,0
DA:144,0
DA:145,0
DA:147,0
DA:148,0
DA:155,0
DA:165,0
DA:169,0
DA:170,0
DA:179,0
DA:191,0
DA:194,0
DA:224,0
DA:241,0
DA:278,0
DA:301,0
LF:61
LH:0
BRDA:71,0,0,0
BRDA:71,0,1,0
BRDA:71,1,0,0
BRDA:71,1,1,0
BRDA:74,2,0,0
BRDA:74,2,1,0
BRDA:74,3,0,0
BRDA:74,3,1,0
BRDA:77,4,0,0
BRDA:77,4,1,0
BRDA:82,5,0,0
BRDA:82,5,1,0
BRDA:82,6,0,0
BRDA:82,6,1,0
BRDA:82,6,2,0
BRDA:87,7,0,0
BRDA:87,7,1,0
BRDA:87,8,0,0
BRDA:87,8,1,0
BRDA:97,9,0,0
BRDA:97,9,1,0
BRDA:113,10,0,0
BRDA:113,10,1,0
BRDA:136,11,0,0
BRDA:136,11,1,0
BRDA:147,12,0,0
BRDA:147,12,1,0
BRDA:180,13,0,0
BRDA:180,13,1,0
BRDA:180,13,2,0
BRDA:183,14,0,0
BRDA:183,14,1,0
BRDA:183,14,2,0
BRDA:203,15,0,0
BRDA:203,15,1,0
BRDA:223,16,0,0
BRDA:223,16,1,0
BRDA:229,17,0,0
BRDA:229,17,1,0
BRDA:233,18,0,0
BRDA:233,18,1,0
BRDA:240,19,0,0
BRDA:240,19,1,0
BRDA:246,20,0,0
BRDA:246,20,1,0
BRDA:250,21,0,0
BRDA:250,21,1,0
BRDA:286,22,0,0
BRDA:286,22,1,0
BRDA:286,22,2,0
BRF:50
BRH:0
end_of_record
TN:
SF:screens\ProfileScreen.tsx
FN:17,ProfileScreen
FN:23,(anonymous_1)
FN:64,(anonymous_2)
FN:78,(anonymous_3)
FN:212,(anonymous_4)
FNF:5
FNH:0
FNDA:0,ProfileScreen
FNDA:0,(anonymous_1)
FNDA:0,(anonymous_2)
FNDA:0,(anonymous_3)
FNDA:0,(anonymous_4)
DA:18,0
DA:19,0
DA:20,0
DA:23,0
DA:25,0
DA:36,0
DA:37,0
DA:38,0
DA:49,0
DA:61,0
DA:64,0
DA:65,0
DA:68,0
DA:78,0
DA:212,0
DA:213,0
DA:224,0
LF:17
LH:0
BRDA:36,0,0,0
BRDA:36,0,1,0
BRDA:37,1,0,0
BRDA:37,1,1,0
BRDA:94,2,0,0
BRDA:94,2,1,0
BRDA:95,3,0,0
BRDA:95,3,1,0
BRDA:98,4,0,0
BRDA:98,4,1,0
BRDA:138,5,0,0
BRDA:138,5,1,0
BRF:12
BRH:0
end_of_record
TN:
SF:screens\SignInScreen.tsx
FN:20,SignInScreen
FN:30,(anonymous_1)
FN:76,(anonymous_2)
FN:118,(anonymous_3)
FN:136,(anonymous_4)
FN:151,(anonymous_5)
FN:159,(anonymous_6)
FNF:7
FNH:0
FNDA:0,SignInScreen
FNDA:0,(anonymous_1)
FNDA:0,(anonymous_2)
FNDA:0,(anonymous_3)
FNDA:0,(anonymous_4)
FNDA:0,(anonymous_5)
FNDA:0,(anonymous_6)
DA:21,0
DA:22,0
DA:23,0
DA:25,0
DA:26,0
DA:27,0
DA:28,0
DA:30,0
DA:32,0
DA:34,0
DA:35,0
DA:36,0
DA:37,0
DA:40,0
DA:41,0
DA:42,0
DA:43,0
DA:46,0
DA:47,0
DA:50,0
DA:51,0
DA:52,0
DA:53,0
DA:54,0
DA:57,0
DA:59,0
DA:60,0
DA:61,0
DA:62,0
DA:64,0
DA:65,0
DA:68,0
DA:69,0
DA:70,0
DA:72,0
DA:76,0
DA:78,0
DA:80,0
DA:81,0
DA:82,0
DA:84,0
DA:85,0
DA:89,0
DA:91,0
DA:119,0
DA:121,0
DA:137,0
DA:139,0
DA:151,0
DA:159,0
DA:220,0
LF:51
LH:0
BRDA:34,0,0,0
BRDA:34,0,1,0
BRDA:40,1,0,0
BRDA:40,1,1,0
BRDA:50,2,0,0
BRDA:50,2,1,0
BRDA:59,3,0,0
BRDA:59,3,1,0
BRDA:61,4,0,0
BRDA:61,4,1,0
BRDA:62,5,0,0
BRDA:62,5,1,0
BRDA:80,6,0,0
BRDA:80,6,1,0
BRDA:89,7,0,0
BRDA:89,7,1,0
BRDA:99,8,0,0
BRDA:99,8,1,0
BRDA:105,9,0,0
BRDA:105,9,1,0
BRDA:121,10,0,0
BRDA:121,10,1,0
BRDA:139,11,0,0
BRDA:139,11,1,0
BRDA:171,12,0,0
BRDA:171,12,1,0
BRDA:176,13,0,0
BRDA:176,13,1,0
BRDA:276,14,0,0
BRDA:276,14,1,0
BRF:30
BRH:0
end_of_record
